[INFO] Received CLI args: Namespace(dataset='cifar10', data_root=WindowsPath('data'), backbones=['resnet50'], redundancy=0.5, learnable_A=True, no_nncl=False, dropout_rates=[0.2], noise_stds=[0.05], erasure_rates=[0.0, 0.1, 0.2, 0.3, 0.4, 0.5, 0.6], epochs=120, batch=128, warmup_epochs=5, aux_rec_loss=True, lambda_rec=1.0, num_workers=8, seed=42, deterministic=False, device='cuda', csv_out=WindowsPath('results/c10_r50_nncl_learnA.csv'), use_masked_var=True, lr=0.0001)
[INFO] Running with backbone=resnet50, dp=0.2, noise=0.05, erasure_rates=[0.0, 0.1, 0.2, 0.3, 0.4, 0.5, 0.6]
[INFO] 
=============== 시작: 백본=resnet50, 데이터셋=cifar10, DP=0.2, Noise=0.05, Seed=42, Warmup=5 ===============
[INFO] [Opt] AdamW lr=1.0000e-04, 스케줄러: 5 에폭 선형 워밍업 후 코사인 감쇠 (전체 120 에폭)
[INFO] 확인용 feat_dim: 2048
[INFO] Avg erased per sample: 409.4 dims (20.0% of total)
[INFO] Ep001/120 | Lr 4.00e-05 | TrL 2.272 TrA 0.149 TrF1 0.148 TrFR 0.963342 || VaL 2.136 VaA 0.246 VaF1 0.238 VaFR 0.000000
[INFO] 확인용 feat_dim: 2048
[INFO] Avg erased per sample: 409.5 dims (20.0% of total)
[INFO] Ep002/120 | Lr 6.00e-05 | TrL 1.790 TrA 0.370 TrF1 0.369 TrFR 0.978304 || VaL 1.205 VaA 0.575 VaF1 0.570 VaFR 0.000000
[INFO] 확인용 feat_dim: 2048
[INFO] Avg erased per sample: 409.7 dims (20.0% of total)
[INFO] Ep003/120 | Lr 8.00e-05 | TrL 1.230 TrA 0.572 TrF1 0.574 TrFR 0.995509 || VaL 0.858 VaA 0.706 VaF1 0.704 VaFR 0.000000
[INFO] 확인용 feat_dim: 2048
[INFO] Avg erased per sample: 409.6 dims (20.0% of total)
[INFO] Ep004/120 | Lr 1.00e-04 | TrL 0.964 TrA 0.666 TrF1 0.666 TrFR 0.999623 || VaL 0.689 VaA 0.762 VaF1 0.762 VaFR 0.000000
[INFO] 확인용 feat_dim: 2048
[INFO] Avg erased per sample: 409.6 dims (20.0% of total)
[INFO] Ep005/120 | Lr 1.00e-04 | TrL 0.838 TrA 0.710 TrF1 0.709 TrFR 0.999942 || VaL 0.601 VaA 0.792 VaF1 0.791 VaFR 0.000000
[INFO] 확인용 feat_dim: 2048
[INFO] Avg erased per sample: 409.7 dims (20.0% of total)
[INFO] Ep006/120 | Lr 1.00e-04 | TrL 0.750 TrA 0.738 TrF1 0.738 TrFR 0.999963 || VaL 0.546 VaA 0.811 VaF1 0.811 VaFR 0.000000
[INFO] 확인용 feat_dim: 2048
[INFO] Avg erased per sample: 409.6 dims (20.0% of total)
[INFO] Ep007/120 | Lr 9.99e-05 | TrL 0.682 TrA 0.762 TrF1 0.762 TrFR 0.999964 || VaL 0.508 VaA 0.825 VaF1 0.824 VaFR 0.000000
[INFO] 확인용 feat_dim: 2048
[INFO] Avg erased per sample: 409.8 dims (20.0% of total)
[INFO] Ep008/120 | Lr 9.98e-05 | TrL 0.628 TrA 0.782 TrF1 0.781 TrFR 0.999964 || VaL 0.483 VaA 0.832 VaF1 0.831 VaFR 0.000000
[INFO] 확인용 feat_dim: 2048
[INFO] Avg erased per sample: 409.6 dims (20.0% of total)
[INFO] Ep009/120 | Lr 9.97e-05 | TrL 0.590 TrA 0.794 TrF1 0.794 TrFR 0.999964 || VaL 0.460 VaA 0.836 VaF1 0.836 VaFR 0.000000
[INFO] 확인용 feat_dim: 2048
[INFO] Avg erased per sample: 409.7 dims (20.0% of total)
[INFO] Ep010/120 | Lr 9.95e-05 | TrL 0.558 TrA 0.806 TrF1 0.806 TrFR 0.999964 || VaL 0.443 VaA 0.848 VaF1 0.847 VaFR 0.000000
[INFO] 확인용 feat_dim: 2048
[INFO] Avg erased per sample: 409.6 dims (20.0% of total)
[INFO] Ep011/120 | Lr 9.93e-05 | TrL 0.531 TrA 0.815 TrF1 0.815 TrFR 0.999964 || VaL 0.433 VaA 0.851 VaF1 0.851 VaFR 0.000000
[INFO] 확인용 feat_dim: 2048
[INFO] Avg erased per sample: 409.6 dims (20.0% of total)
[INFO] Ep012/120 | Lr 9.91e-05 | TrL 0.499 TrA 0.827 TrF1 0.827 TrFR 0.999965 || VaL 0.424 VaA 0.855 VaF1 0.855 VaFR 0.000000
[INFO] 확인용 feat_dim: 2048
[INFO] Avg erased per sample: 409.6 dims (20.0% of total)
[INFO] Ep013/120 | Lr 9.88e-05 | TrL 0.476 TrA 0.834 TrF1 0.834 TrFR 0.999965 || VaL 0.414 VaA 0.858 VaF1 0.857 VaFR 0.000000
[INFO] 확인용 feat_dim: 2048
[INFO] Avg erased per sample: 409.6 dims (20.0% of total)
[INFO] Ep014/120 | Lr 9.85e-05 | TrL 0.458 TrA 0.840 TrF1 0.840 TrFR 0.999965 || VaL 0.406 VaA 0.861 VaF1 0.860 VaFR 0.000000
[INFO] 확인용 feat_dim: 2048
[INFO] Avg erased per sample: 409.7 dims (20.0% of total)
[INFO] Ep015/120 | Lr 9.81e-05 | TrL 0.440 TrA 0.846 TrF1 0.846 TrFR 0.999965 || VaL 0.398 VaA 0.864 VaF1 0.863 VaFR 0.000000
[INFO] 확인용 feat_dim: 2048
[INFO] Avg erased per sample: 409.6 dims (20.0% of total)
[INFO] Ep016/120 | Lr 9.78e-05 | TrL 0.421 TrA 0.852 TrF1 0.852 TrFR 0.999966 || VaL 0.395 VaA 0.867 VaF1 0.867 VaFR 0.000000
[INFO] 확인용 feat_dim: 2048
[INFO] Avg erased per sample: 409.6 dims (20.0% of total)
[INFO] Ep017/120 | Lr 9.73e-05 | TrL 0.404 TrA 0.858 TrF1 0.858 TrFR 0.999966 || VaL 0.393 VaA 0.868 VaF1 0.868 VaFR 0.000000
[INFO] 확인용 feat_dim: 2048
[INFO] Avg erased per sample: 409.5 dims (20.0% of total)
[INFO] Ep018/120 | Lr 9.69e-05 | TrL 0.384 TrA 0.864 TrF1 0.864 TrFR 0.999966 || VaL 0.388 VaA 0.867 VaF1 0.867 VaFR 0.000000
[INFO] 확인용 feat_dim: 2048
[INFO] Avg erased per sample: 409.6 dims (20.0% of total)
[INFO] Ep019/120 | Lr 9.64e-05 | TrL 0.368 TrA 0.872 TrF1 0.872 TrFR 0.999966 || VaL 0.390 VaA 0.867 VaF1 0.866 VaFR 0.000000
[INFO] 확인용 feat_dim: 2048
[INFO] Avg erased per sample: 409.5 dims (20.0% of total)
[INFO] Ep020/120 | Lr 9.59e-05 | TrL 0.363 TrA 0.873 TrF1 0.872 TrFR 0.999966 || VaL 0.383 VaA 0.870 VaF1 0.870 VaFR 0.000000
[INFO] 확인용 feat_dim: 2048
[INFO] Avg erased per sample: 409.6 dims (20.0% of total)
[INFO] Ep021/120 | Lr 9.53e-05 | TrL 0.341 TrA 0.880 TrF1 0.880 TrFR 0.999966 || VaL 0.383 VaA 0.875 VaF1 0.875 VaFR 0.000000
[INFO] 확인용 feat_dim: 2048
[INFO] Avg erased per sample: 409.7 dims (20.0% of total)
[INFO] Ep022/120 | Lr 9.47e-05 | TrL 0.334 TrA 0.882 TrF1 0.882 TrFR 0.999966 || VaL 0.381 VaA 0.876 VaF1 0.876 VaFR 0.000000
[INFO] 확인용 feat_dim: 2048
[INFO] Avg erased per sample: 409.5 dims (20.0% of total)
[INFO] Ep023/120 | Lr 9.41e-05 | TrL 0.322 TrA 0.888 TrF1 0.888 TrFR 0.999966 || VaL 0.389 VaA 0.877 VaF1 0.877 VaFR 0.000000
[INFO] 확인용 feat_dim: 2048
[INFO] Avg erased per sample: 409.5 dims (20.0% of total)
[INFO] Ep024/120 | Lr 9.34e-05 | TrL 0.315 TrA 0.888 TrF1 0.888 TrFR 0.999947 || VaL 0.391 VaA 0.875 VaF1 0.875 VaFR 0.000000
[INFO] 확인용 feat_dim: 2048
[INFO] Avg erased per sample: 409.7 dims (20.0% of total)
[INFO] Ep025/120 | Lr 9.27e-05 | TrL 0.303 TrA 0.894 TrF1 0.894 TrFR 0.999966 || VaL 0.388 VaA 0.873 VaF1 0.874 VaFR 0.000000
[INFO] 확인용 feat_dim: 2048
[INFO] Avg erased per sample: 409.6 dims (20.0% of total)
[INFO] Ep026/120 | Lr 9.20e-05 | TrL 0.287 TrA 0.899 TrF1 0.899 TrFR 0.999966 || VaL 0.392 VaA 0.874 VaF1 0.873 VaFR 0.000000
[INFO] 확인용 feat_dim: 2048
[INFO] Avg erased per sample: 409.7 dims (20.0% of total)
[INFO] Ep027/120 | Lr 9.12e-05 | TrL 0.278 TrA 0.903 TrF1 0.903 TrFR 0.999966 || VaL 0.387 VaA 0.879 VaF1 0.878 VaFR 0.000000
[INFO] 확인용 feat_dim: 2048
[INFO] Avg erased per sample: 409.7 dims (20.0% of total)
[INFO] Ep028/120 | Lr 9.05e-05 | TrL 0.275 TrA 0.903 TrF1 0.903 TrFR 0.999966 || VaL 0.400 VaA 0.877 VaF1 0.876 VaFR 0.000000
[INFO] 확인용 feat_dim: 2048
[INFO] Avg erased per sample: 409.6 dims (20.0% of total)
[INFO] Ep029/120 | Lr 8.96e-05 | TrL 0.266 TrA 0.907 TrF1 0.907 TrFR 0.999966 || VaL 0.392 VaA 0.879 VaF1 0.879 VaFR 0.000000
[INFO] 확인용 feat_dim: 2048
[INFO] Avg erased per sample: 409.7 dims (20.0% of total)
[INFO] Ep030/120 | Lr 8.88e-05 | TrL 0.258 TrA 0.909 TrF1 0.909 TrFR 0.999966 || VaL 0.393 VaA 0.878 VaF1 0.878 VaFR 0.000000
[INFO] 확인용 feat_dim: 2048
[INFO] Avg erased per sample: 409.6 dims (20.0% of total)
[INFO] Ep031/120 | Lr 8.79e-05 | TrL 0.246 TrA 0.914 TrF1 0.914 TrFR 0.999966 || VaL 0.389 VaA 0.880 VaF1 0.880 VaFR 0.000000
[INFO] 확인용 feat_dim: 2048
[INFO] Avg erased per sample: 409.6 dims (20.0% of total)
[INFO] Ep032/120 | Lr 8.70e-05 | TrL 0.239 TrA 0.915 TrF1 0.915 TrFR 0.999966 || VaL 0.396 VaA 0.879 VaF1 0.879 VaFR 0.000000
[INFO] 확인용 feat_dim: 2048
[INFO] Avg erased per sample: 409.5 dims (20.0% of total)
[INFO] Ep033/120 | Lr 8.61e-05 | TrL 0.231 TrA 0.919 TrF1 0.919 TrFR 0.999966 || VaL 0.396 VaA 0.878 VaF1 0.878 VaFR 0.000000
[INFO] 확인용 feat_dim: 2048
[INFO] Avg erased per sample: 409.6 dims (20.0% of total)
[INFO] Ep034/120 | Lr 8.51e-05 | TrL 0.226 TrA 0.920 TrF1 0.920 TrFR 0.999967 || VaL 0.402 VaA 0.879 VaF1 0.879 VaFR 0.000000
[INFO] 확인용 feat_dim: 2048
[INFO] Avg erased per sample: 409.5 dims (20.0% of total)
[INFO] Ep035/120 | Lr 8.41e-05 | TrL 0.219 TrA 0.923 TrF1 0.923 TrFR 0.999967 || VaL 0.401 VaA 0.880 VaF1 0.880 VaFR 0.000000
[INFO] 확인용 feat_dim: 2048
[INFO] Avg erased per sample: 409.5 dims (20.0% of total)
[INFO] Ep036/120 | Lr 8.31e-05 | TrL 0.210 TrA 0.927 TrF1 0.927 TrFR 0.999966 || VaL 0.401 VaA 0.879 VaF1 0.879 VaFR 0.000000
[INFO] 확인용 feat_dim: 2048
[INFO] Avg erased per sample: 409.5 dims (20.0% of total)
[INFO] Ep037/120 | Lr 8.21e-05 | TrL 0.205 TrA 0.929 TrF1 0.929 TrFR 0.999966 || VaL 0.415 VaA 0.881 VaF1 0.881 VaFR 0.000000
[INFO] 확인용 feat_dim: 2048
[INFO] Avg erased per sample: 409.5 dims (20.0% of total)
[INFO] Ep038/120 | Lr 8.10e-05 | TrL 0.200 TrA 0.931 TrF1 0.931 TrFR 0.999966 || VaL 0.415 VaA 0.879 VaF1 0.879 VaFR 0.000000
[INFO] 확인용 feat_dim: 2048
[INFO] Avg erased per sample: 409.6 dims (20.0% of total)
[INFO] Ep039/120 | Lr 7.99e-05 | TrL 0.193 TrA 0.933 TrF1 0.933 TrFR 0.999967 || VaL 0.404 VaA 0.881 VaF1 0.881 VaFR 0.000000
[INFO] 확인용 feat_dim: 2048
[INFO] Avg erased per sample: 409.6 dims (20.0% of total)
[INFO] Ep040/120 | Lr 7.88e-05 | TrL 0.189 TrA 0.936 TrF1 0.936 TrFR 0.999967 || VaL 0.414 VaA 0.883 VaF1 0.883 VaFR 0.000000
[INFO] 확인용 feat_dim: 2048
[INFO] Avg erased per sample: 409.5 dims (20.0% of total)
[INFO] Ep041/120 | Lr 7.77e-05 | TrL 0.187 TrA 0.935 TrF1 0.935 TrFR 0.999967 || VaL 0.420 VaA 0.878 VaF1 0.878 VaFR 0.000000
[INFO] 확인용 feat_dim: 2048
[INFO] Avg erased per sample: 409.6 dims (20.0% of total)
[INFO] Ep042/120 | Lr 7.66e-05 | TrL 0.174 TrA 0.939 TrF1 0.939 TrFR 0.999967 || VaL 0.429 VaA 0.880 VaF1 0.880 VaFR 0.000000
[INFO] 확인용 feat_dim: 2048
[INFO] Avg erased per sample: 409.5 dims (20.0% of total)
[INFO] Ep043/120 | Lr 7.54e-05 | TrL 0.176 TrA 0.938 TrF1 0.938 TrFR 0.999967 || VaL 0.434 VaA 0.877 VaF1 0.877 VaFR 0.000000
[INFO] 확인용 feat_dim: 2048
[INFO] Avg erased per sample: 409.6 dims (20.0% of total)
[INFO] Ep044/120 | Lr 7.42e-05 | TrL 0.168 TrA 0.940 TrF1 0.940 TrFR 0.999967 || VaL 0.430 VaA 0.878 VaF1 0.878 VaFR 0.000000
[INFO] 확인용 feat_dim: 2048
[INFO] Avg erased per sample: 409.6 dims (20.0% of total)
[INFO] Ep045/120 | Lr 7.30e-05 | TrL 0.165 TrA 0.943 TrF1 0.943 TrFR 0.999967 || VaL 0.436 VaA 0.880 VaF1 0.880 VaFR 0.000000
[INFO] 확인용 feat_dim: 2048
[INFO] Avg erased per sample: 409.6 dims (20.0% of total)
[INFO] Ep046/120 | Lr 7.18e-05 | TrL 0.159 TrA 0.946 TrF1 0.946 TrFR 0.999966 || VaL 0.427 VaA 0.883 VaF1 0.883 VaFR 0.000000
[INFO] 확인용 feat_dim: 2048
[INFO] Avg erased per sample: 409.6 dims (20.0% of total)
[INFO] Ep047/120 | Lr 7.05e-05 | TrL 0.155 TrA 0.946 TrF1 0.946 TrFR 0.999967 || VaL 0.445 VaA 0.880 VaF1 0.880 VaFR 0.000000
[INFO] 확인용 feat_dim: 2048
[INFO] Avg erased per sample: 409.6 dims (20.0% of total)
[INFO] Ep048/120 | Lr 6.93e-05 | TrL 0.151 TrA 0.948 TrF1 0.948 TrFR 0.999966 || VaL 0.448 VaA 0.883 VaF1 0.883 VaFR 0.000000
[INFO] 확인용 feat_dim: 2048
[INFO] Avg erased per sample: 409.5 dims (20.0% of total)
[INFO] Ep049/120 | Lr 6.80e-05 | TrL 0.147 TrA 0.949 TrF1 0.949 TrFR 0.999967 || VaL 0.433 VaA 0.884 VaF1 0.884 VaFR 0.000000
[INFO] 확인용 feat_dim: 2048
[INFO] Avg erased per sample: 409.6 dims (20.0% of total)
[INFO] Ep050/120 | Lr 6.67e-05 | TrL 0.145 TrA 0.951 TrF1 0.951 TrFR 0.999966 || VaL 0.439 VaA 0.884 VaF1 0.884 VaFR 0.000000
[INFO] 확인용 feat_dim: 2048
[INFO] Avg erased per sample: 409.6 dims (20.0% of total)
[INFO] Ep051/120 | Lr 6.55e-05 | TrL 0.146 TrA 0.952 TrF1 0.952 TrFR 0.999967 || VaL 0.444 VaA 0.885 VaF1 0.884 VaFR 0.000000
[INFO] 확인용 feat_dim: 2048
[INFO] Avg erased per sample: 409.6 dims (20.0% of total)
[INFO] Ep052/120 | Lr 6.41e-05 | TrL 0.138 TrA 0.953 TrF1 0.953 TrFR 0.999967 || VaL 0.451 VaA 0.881 VaF1 0.881 VaFR 0.000000
[INFO] 확인용 feat_dim: 2048
[INFO] Avg erased per sample: 409.6 dims (20.0% of total)
[INFO] Ep053/120 | Lr 6.28e-05 | TrL 0.141 TrA 0.951 TrF1 0.951 TrFR 0.999967 || VaL 0.442 VaA 0.880 VaF1 0.880 VaFR 0.000000
[INFO] 확인용 feat_dim: 2048
[INFO] Avg erased per sample: 409.6 dims (20.0% of total)
[INFO] Ep054/120 | Lr 6.15e-05 | TrL 0.136 TrA 0.953 TrF1 0.953 TrFR 0.999967 || VaL 0.445 VaA 0.885 VaF1 0.884 VaFR 0.000000
[INFO] 확인용 feat_dim: 2048
[INFO] Avg erased per sample: 409.7 dims (20.0% of total)
[INFO] Ep055/120 | Lr 6.02e-05 | TrL 0.134 TrA 0.954 TrF1 0.954 TrFR 0.999967 || VaL 0.463 VaA 0.880 VaF1 0.879 VaFR 0.000000
[INFO] 확인용 feat_dim: 2048
[INFO] Avg erased per sample: 409.7 dims (20.0% of total)
[INFO] Ep056/120 | Lr 5.88e-05 | TrL 0.129 TrA 0.956 TrF1 0.956 TrFR 0.999967 || VaL 0.442 VaA 0.883 VaF1 0.883 VaFR 0.000000
[INFO] 확인용 feat_dim: 2048
[INFO] Avg erased per sample: 409.6 dims (20.0% of total)
[INFO] Ep057/120 | Lr 5.75e-05 | TrL 0.128 TrA 0.956 TrF1 0.956 TrFR 0.999967 || VaL 0.445 VaA 0.882 VaF1 0.882 VaFR 0.000000
[INFO] 확인용 feat_dim: 2048
[INFO] Avg erased per sample: 409.6 dims (20.0% of total)
[INFO] Ep058/120 | Lr 5.61e-05 | TrL 0.121 TrA 0.959 TrF1 0.959 TrFR 0.999967 || VaL 0.451 VaA 0.882 VaF1 0.882 VaFR 0.000000
[INFO] 확인용 feat_dim: 2048
[INFO] Avg erased per sample: 409.6 dims (20.0% of total)
[INFO] Ep059/120 | Lr 5.48e-05 | TrL 0.118 TrA 0.960 TrF1 0.960 TrFR 0.999967 || VaL 0.469 VaA 0.883 VaF1 0.883 VaFR 0.000000
[INFO] 확인용 feat_dim: 2048
[INFO] Avg erased per sample: 409.5 dims (20.0% of total)
[INFO] Ep060/120 | Lr 5.34e-05 | TrL 0.117 TrA 0.959 TrF1 0.959 TrFR 0.999967 || VaL 0.453 VaA 0.882 VaF1 0.881 VaFR 0.000000
[INFO] 확인용 feat_dim: 2048
[INFO] Avg erased per sample: 409.5 dims (20.0% of total)
[INFO] Ep061/120 | Lr 5.20e-05 | TrL 0.115 TrA 0.960 TrF1 0.960 TrFR 0.999967 || VaL 0.458 VaA 0.879 VaF1 0.878 VaFR 0.000000
[INFO] 확인용 feat_dim: 2048
[INFO] Avg erased per sample: 409.4 dims (20.0% of total)
[INFO] Ep062/120 | Lr 5.07e-05 | TrL 0.114 TrA 0.961 TrF1 0.961 TrFR 0.999967 || VaL 0.461 VaA 0.883 VaF1 0.882 VaFR 0.000000
[INFO] 확인용 feat_dim: 2048
[INFO] Avg erased per sample: 409.6 dims (20.0% of total)
[INFO] Ep063/120 | Lr 4.93e-05 | TrL 0.112 TrA 0.961 TrF1 0.961 TrFR 0.999967 || VaL 0.457 VaA 0.881 VaF1 0.882 VaFR 0.000000
[INFO] 확인용 feat_dim: 2048
[INFO] Avg erased per sample: 409.7 dims (20.0% of total)
[INFO] Ep064/120 | Lr 4.80e-05 | TrL 0.107 TrA 0.963 TrF1 0.963 TrFR 0.999967 || VaL 0.464 VaA 0.880 VaF1 0.880 VaFR 0.000000
[INFO] 확인용 feat_dim: 2048
[INFO] Avg erased per sample: 409.7 dims (20.0% of total)
[INFO] Ep065/120 | Lr 4.66e-05 | TrL 0.104 TrA 0.965 TrF1 0.965 TrFR 0.999967 || VaL 0.470 VaA 0.880 VaF1 0.880 VaFR 0.000000
[INFO] 확인용 feat_dim: 2048
[INFO] Avg erased per sample: 409.5 dims (20.0% of total)
[INFO] Ep066/120 | Lr 4.52e-05 | TrL 0.103 TrA 0.964 TrF1 0.964 TrFR 0.999967 || VaL 0.475 VaA 0.879 VaF1 0.879 VaFR 0.000000
[INFO] 확인용 feat_dim: 2048
[INFO] Avg erased per sample: 409.4 dims (20.0% of total)
[INFO] Ep067/120 | Lr 4.39e-05 | TrL 0.104 TrA 0.964 TrF1 0.964 TrFR 0.999967 || VaL 0.480 VaA 0.883 VaF1 0.883 VaFR 0.000000
[INFO] 확인용 feat_dim: 2048
[INFO] Avg erased per sample: 409.6 dims (20.0% of total)
[INFO] Ep068/120 | Lr 4.25e-05 | TrL 0.099 TrA 0.966 TrF1 0.966 TrFR 0.999967 || VaL 0.473 VaA 0.881 VaF1 0.881 VaFR 0.000000
[INFO] 확인용 feat_dim: 2048
[INFO] Avg erased per sample: 409.6 dims (20.0% of total)
[INFO] Ep069/120 | Lr 4.12e-05 | TrL 0.095 TrA 0.967 TrF1 0.967 TrFR 0.999967 || VaL 0.486 VaA 0.880 VaF1 0.879 VaFR 0.000000
[INFO] 확인용 feat_dim: 2048
[INFO] Avg erased per sample: 409.6 dims (20.0% of total)
[INFO] Ep070/120 | Lr 3.98e-05 | TrL 0.095 TrA 0.968 TrF1 0.968 TrFR 0.999967 || VaL 0.484 VaA 0.881 VaF1 0.881 VaFR 0.000000
[INFO] 확인용 feat_dim: 2048
[INFO] Avg erased per sample: 409.5 dims (20.0% of total)
[INFO] Ep071/120 | Lr 3.85e-05 | TrL 0.095 TrA 0.968 TrF1 0.968 TrFR 0.999927 || VaL 0.488 VaA 0.880 VaF1 0.880 VaFR 0.000000
[INFO] 확인용 feat_dim: 2048
[INFO] Avg erased per sample: 409.7 dims (20.0% of total)
[INFO] Ep072/120 | Lr 3.72e-05 | TrL 0.091 TrA 0.969 TrF1 0.969 TrFR 0.999967 || VaL 0.486 VaA 0.882 VaF1 0.882 VaFR 0.000000
[INFO] 확인용 feat_dim: 2048
[INFO] Avg erased per sample: 409.7 dims (20.0% of total)
[INFO] Ep073/120 | Lr 3.59e-05 | TrL 0.086 TrA 0.971 TrF1 0.971 TrFR 0.999968 || VaL 0.500 VaA 0.880 VaF1 0.881 VaFR 0.000000
[INFO] 확인용 feat_dim: 2048
[INFO] Avg erased per sample: 409.6 dims (20.0% of total)
[INFO] Ep074/120 | Lr 3.45e-05 | TrL 0.090 TrA 0.970 TrF1 0.970 TrFR 0.999968 || VaL 0.498 VaA 0.883 VaF1 0.883 VaFR 0.000000
[INFO] 확인용 feat_dim: 2048
[INFO] Avg erased per sample: 409.5 dims (20.0% of total)
[INFO] Ep075/120 | Lr 3.33e-05 | TrL 0.085 TrA 0.971 TrF1 0.971 TrFR 0.999967 || VaL 0.505 VaA 0.882 VaF1 0.882 VaFR 0.000000
[INFO] 확인용 feat_dim: 2048
[INFO] Avg erased per sample: 409.6 dims (20.0% of total)
[INFO] Ep076/120 | Lr 3.20e-05 | TrL 0.087 TrA 0.970 TrF1 0.970 TrFR 0.999948 || VaL 0.489 VaA 0.883 VaF1 0.883 VaFR 0.000000
[INFO] 확인용 feat_dim: 2048
[INFO] Avg erased per sample: 409.8 dims (20.0% of total)
[INFO] Ep077/120 | Lr 3.07e-05 | TrL 0.083 TrA 0.972 TrF1 0.972 TrFR 0.999968 || VaL 0.491 VaA 0.882 VaF1 0.882 VaFR 0.000000
[INFO] 확인용 feat_dim: 2048
[INFO] Avg erased per sample: 409.5 dims (20.0% of total)
[INFO] Ep078/120 | Lr 2.95e-05 | TrL 0.082 TrA 0.972 TrF1 0.972 TrFR 0.999968 || VaL 0.503 VaA 0.880 VaF1 0.880 VaFR 0.000000
[INFO] 확인용 feat_dim: 2048
[INFO] Avg erased per sample: 409.5 dims (20.0% of total)
[INFO] Ep079/120 | Lr 2.82e-05 | TrL 0.079 TrA 0.973 TrF1 0.973 TrFR 0.999968 || VaL 0.503 VaA 0.884 VaF1 0.884 VaFR 0.000000
[INFO] 확인용 feat_dim: 2048
[INFO] Avg erased per sample: 409.7 dims (20.0% of total)
[INFO] Ep080/120 | Lr 2.70e-05 | TrL 0.080 TrA 0.972 TrF1 0.972 TrFR 0.999968 || VaL 0.495 VaA 0.882 VaF1 0.882 VaFR 0.000000
[INFO] 확인용 feat_dim: 2048
[INFO] Avg erased per sample: 409.5 dims (20.0% of total)
[INFO] Ep081/120 | Lr 2.58e-05 | TrL 0.080 TrA 0.974 TrF1 0.974 TrFR 0.999968 || VaL 0.493 VaA 0.884 VaF1 0.884 VaFR 0.000000
[INFO] 확인용 feat_dim: 2048
[INFO] Avg erased per sample: 409.7 dims (20.0% of total)
[INFO] Ep082/120 | Lr 2.46e-05 | TrL 0.078 TrA 0.974 TrF1 0.974 TrFR 0.999968 || VaL 0.489 VaA 0.883 VaF1 0.883 VaFR 0.000000
[INFO] 확인용 feat_dim: 2048
[INFO] Avg erased per sample: 409.6 dims (20.0% of total)
[INFO] Ep083/120 | Lr 2.34e-05 | TrL 0.074 TrA 0.975 TrF1 0.975 TrFR 0.999968 || VaL 0.500 VaA 0.883 VaF1 0.883 VaFR 0.000000
[INFO] 확인용 feat_dim: 2048
[INFO] Avg erased per sample: 409.6 dims (20.0% of total)
[INFO] Ep084/120 | Lr 2.23e-05 | TrL 0.074 TrA 0.975 TrF1 0.975 TrFR 0.999968 || VaL 0.494 VaA 0.883 VaF1 0.883 VaFR 0.000000
[INFO] 확인용 feat_dim: 2048
[INFO] Avg erased per sample: 409.5 dims (20.0% of total)
[INFO] Ep085/120 | Lr 2.12e-05 | TrL 0.075 TrA 0.974 TrF1 0.974 TrFR 0.999968 || VaL 0.484 VaA 0.885 VaF1 0.885 VaFR 0.000000
[INFO] 확인용 feat_dim: 2048
[INFO] Avg erased per sample: 409.7 dims (20.0% of total)
[INFO] Ep086/120 | Lr 2.01e-05 | TrL 0.073 TrA 0.976 TrF1 0.975 TrFR 0.999968 || VaL 0.489 VaA 0.885 VaF1 0.885 VaFR 0.000000
[INFO] 확인용 feat_dim: 2048
[INFO] Avg erased per sample: 409.6 dims (20.0% of total)
[INFO] Ep087/120 | Lr 1.90e-05 | TrL 0.068 TrA 0.977 TrF1 0.977 TrFR 0.999968 || VaL 0.493 VaA 0.885 VaF1 0.885 VaFR 0.000000
[INFO] 확인용 feat_dim: 2048
[INFO] Avg erased per sample: 409.8 dims (20.0% of total)
[INFO] Ep088/120 | Lr 1.79e-05 | TrL 0.069 TrA 0.977 TrF1 0.977 TrFR 0.999968 || VaL 0.496 VaA 0.885 VaF1 0.885 VaFR 0.000000
[INFO] 확인용 feat_dim: 2048
[INFO] Avg erased per sample: 409.6 dims (20.0% of total)
[INFO] Ep089/120 | Lr 1.69e-05 | TrL 0.068 TrA 0.977 TrF1 0.977 TrFR 0.999968 || VaL 0.497 VaA 0.888 VaF1 0.887 VaFR 0.000000
[INFO] 확인용 feat_dim: 2048
[INFO] Avg erased per sample: 409.5 dims (20.0% of total)
[INFO] Ep090/120 | Lr 1.59e-05 | TrL 0.066 TrA 0.978 TrF1 0.978 TrFR 0.999968 || VaL 0.494 VaA 0.885 VaF1 0.885 VaFR 0.000000
[INFO] 확인용 feat_dim: 2048
[INFO] Avg erased per sample: 409.6 dims (20.0% of total)
[INFO] Ep091/120 | Lr 1.49e-05 | TrL 0.068 TrA 0.977 TrF1 0.977 TrFR 0.999968 || VaL 0.488 VaA 0.887 VaF1 0.887 VaFR 0.000000
[INFO] 확인용 feat_dim: 2048
[INFO] Avg erased per sample: 409.5 dims (20.0% of total)
[INFO] Ep092/120 | Lr 1.39e-05 | TrL 0.067 TrA 0.977 TrF1 0.977 TrFR 0.999968 || VaL 0.501 VaA 0.886 VaF1 0.886 VaFR 0.000000
[INFO] 확인용 feat_dim: 2048
[INFO] Avg erased per sample: 409.5 dims (20.0% of total)
[INFO] Ep093/120 | Lr 1.30e-05 | TrL 0.064 TrA 0.978 TrF1 0.978 TrFR 0.999968 || VaL 0.493 VaA 0.886 VaF1 0.886 VaFR 0.000000
[INFO] 확인용 feat_dim: 2048
[INFO] Avg erased per sample: 409.6 dims (20.0% of total)
[INFO] Ep094/120 | Lr 1.21e-05 | TrL 0.062 TrA 0.979 TrF1 0.979 TrFR 0.999968 || VaL 0.502 VaA 0.884 VaF1 0.884 VaFR 0.000000
[INFO] 확인용 feat_dim: 2048
[INFO] Avg erased per sample: 409.4 dims (20.0% of total)
[INFO] Ep095/120 | Lr 1.12e-05 | TrL 0.066 TrA 0.978 TrF1 0.978 TrFR 0.999968 || VaL 0.503 VaA 0.884 VaF1 0.883 VaFR 0.000000
[INFO] 확인용 feat_dim: 2048
[INFO] Avg erased per sample: 409.6 dims (20.0% of total)
[INFO] Ep096/120 | Lr 1.04e-05 | TrL 0.064 TrA 0.979 TrF1 0.979 TrFR 0.999968 || VaL 0.501 VaA 0.887 VaF1 0.887 VaFR 0.000000
[INFO] 확인용 feat_dim: 2048
[INFO] Avg erased per sample: 409.5 dims (20.0% of total)
[INFO] Ep097/120 | Lr 9.55e-06 | TrL 0.062 TrA 0.979 TrF1 0.979 TrFR 0.999968 || VaL 0.496 VaA 0.883 VaF1 0.883 VaFR 0.000000
[INFO] 확인용 feat_dim: 2048
[INFO] Avg erased per sample: 409.6 dims (20.0% of total)
[INFO] Ep098/120 | Lr 8.76e-06 | TrL 0.060 TrA 0.979 TrF1 0.979 TrFR 0.999968 || VaL 0.500 VaA 0.885 VaF1 0.885 VaFR 0.000000
[INFO] 확인용 feat_dim: 2048
[INFO] Avg erased per sample: 409.6 dims (20.0% of total)
[INFO] Ep099/120 | Lr 8.00e-06 | TrL 0.061 TrA 0.980 TrF1 0.980 TrFR 0.999968 || VaL 0.505 VaA 0.886 VaF1 0.886 VaFR 0.000000
[INFO] 확인용 feat_dim: 2048
[INFO] Avg erased per sample: 409.5 dims (20.0% of total)
[INFO] Ep100/120 | Lr 7.28e-06 | TrL 0.058 TrA 0.980 TrF1 0.980 TrFR 0.999968 || VaL 0.508 VaA 0.884 VaF1 0.884 VaFR 0.000000
[INFO] 확인용 feat_dim: 2048
[INFO] Avg erased per sample: 409.6 dims (20.0% of total)
[INFO] Ep101/120 | Lr 6.59e-06 | TrL 0.059 TrA 0.980 TrF1 0.980 TrFR 0.999968 || VaL 0.509 VaA 0.884 VaF1 0.884 VaFR 0.000000
[INFO] 확인용 feat_dim: 2048
[INFO] Avg erased per sample: 409.5 dims (20.0% of total)
[INFO] Ep102/120 | Lr 5.92e-06 | TrL 0.057 TrA 0.981 TrF1 0.981 TrFR 0.999968 || VaL 0.513 VaA 0.886 VaF1 0.886 VaFR 0.000000
[INFO] 확인용 feat_dim: 2048
[INFO] Avg erased per sample: 409.5 dims (20.0% of total)
[INFO] Ep103/120 | Lr 5.30e-06 | TrL 0.060 TrA 0.979 TrF1 0.979 TrFR 0.999968 || VaL 0.503 VaA 0.884 VaF1 0.884 VaFR 0.000000
[INFO] 확인용 feat_dim: 2048
[INFO] Avg erased per sample: 409.6 dims (20.0% of total)
[INFO] Ep104/120 | Lr 4.70e-06 | TrL 0.059 TrA 0.980 TrF1 0.980 TrFR 0.999968 || VaL 0.504 VaA 0.885 VaF1 0.885 VaFR 0.000000
[INFO] 확인용 feat_dim: 2048
[INFO] Avg erased per sample: 409.6 dims (20.0% of total)
[INFO] Ep105/120 | Lr 4.14e-06 | TrL 0.058 TrA 0.981 TrF1 0.981 TrFR 0.999968 || VaL 0.512 VaA 0.885 VaF1 0.885 VaFR 0.000000
[INFO] 확인용 feat_dim: 2048
[INFO] Avg erased per sample: 409.6 dims (20.0% of total)
[INFO] Ep106/120 | Lr 3.61e-06 | TrL 0.059 TrA 0.980 TrF1 0.980 TrFR 0.999968 || VaL 0.512 VaA 0.886 VaF1 0.886 VaFR 0.000000
[INFO] 확인용 feat_dim: 2048
[INFO] Avg erased per sample: 409.6 dims (20.0% of total)
[INFO] Ep107/120 | Lr 3.12e-06 | TrL 0.057 TrA 0.980 TrF1 0.980 TrFR 0.999968 || VaL 0.506 VaA 0.885 VaF1 0.885 VaFR 0.000000
[INFO] 확인용 feat_dim: 2048
[INFO] Avg erased per sample: 409.6 dims (20.0% of total)
[INFO] Ep108/120 | Lr 2.66e-06 | TrL 0.057 TrA 0.980 TrF1 0.980 TrFR 0.999968 || VaL 0.503 VaA 0.886 VaF1 0.886 VaFR 0.000000
[INFO] 확인용 feat_dim: 2048
[INFO] Avg erased per sample: 409.6 dims (20.0% of total)
[INFO] Ep109/120 | Lr 2.24e-06 | TrL 0.057 TrA 0.981 TrF1 0.981 TrFR 0.999968 || VaL 0.505 VaA 0.884 VaF1 0.884 VaFR 0.000000
[INFO] 확인용 feat_dim: 2048
[INFO] Avg erased per sample: 409.6 dims (20.0% of total)
[INFO] Ep110/120 | Lr 1.85e-06 | TrL 0.056 TrA 0.981 TrF1 0.981 TrFR 0.999968 || VaL 0.505 VaA 0.886 VaF1 0.886 VaFR 0.000000
[INFO] 확인용 feat_dim: 2048
[INFO] Avg erased per sample: 409.6 dims (20.0% of total)
[INFO] Ep111/120 | Lr 1.50e-06 | TrL 0.058 TrA 0.981 TrF1 0.981 TrFR 0.999968 || VaL 0.513 VaA 0.886 VaF1 0.886 VaFR 0.000000
[INFO] 확인용 feat_dim: 2048
[INFO] Avg erased per sample: 409.8 dims (20.0% of total)
[INFO] Ep112/120 | Lr 1.19e-06 | TrL 0.057 TrA 0.980 TrF1 0.980 TrFR 0.999968 || VaL 0.507 VaA 0.886 VaF1 0.886 VaFR 0.000000
[INFO] 확인용 feat_dim: 2048
[INFO] Avg erased per sample: 409.7 dims (20.0% of total)
[INFO] Ep113/120 | Lr 9.11e-07 | TrL 0.055 TrA 0.982 TrF1 0.982 TrFR 0.999968 || VaL 0.509 VaA 0.884 VaF1 0.884 VaFR 0.000000
[INFO] 확인용 feat_dim: 2048
[INFO] Avg erased per sample: 409.6 dims (20.0% of total)
[INFO] Ep114/120 | Lr 6.70e-07 | TrL 0.057 TrA 0.981 TrF1 0.981 TrFR 0.999968 || VaL 0.506 VaA 0.886 VaF1 0.886 VaFR 0.000000
[INFO] 확인용 feat_dim: 2048
[INFO] Avg erased per sample: 409.7 dims (20.0% of total)
[INFO] Ep115/120 | Lr 4.66e-07 | TrL 0.057 TrA 0.981 TrF1 0.981 TrFR 0.999968 || VaL 0.503 VaA 0.887 VaF1 0.887 VaFR 0.000000
[INFO] 확인용 feat_dim: 2048
[INFO] Avg erased per sample: 409.6 dims (20.0% of total)
[INFO] Ep116/120 | Lr 2.98e-07 | TrL 0.055 TrA 0.982 TrF1 0.982 TrFR 0.999968 || VaL 0.511 VaA 0.886 VaF1 0.886 VaFR 0.000000
[INFO] 확인용 feat_dim: 2048
[INFO] Avg erased per sample: 409.6 dims (20.0% of total)
[INFO] Ep117/120 | Lr 1.68e-07 | TrL 0.057 TrA 0.981 TrF1 0.981 TrFR 0.999968 || VaL 0.508 VaA 0.888 VaF1 0.887 VaFR 0.000000
[INFO] 확인용 feat_dim: 2048
[INFO] Avg erased per sample: 409.6 dims (20.0% of total)
[INFO] Ep118/120 | Lr 7.46e-08 | TrL 0.055 TrA 0.981 TrF1 0.981 TrFR 0.999968 || VaL 0.506 VaA 0.886 VaF1 0.886 VaFR 0.000000
[INFO] 확인용 feat_dim: 2048
[INFO] Avg erased per sample: 409.5 dims (20.0% of total)
[INFO] Ep119/120 | Lr 1.87e-08 | TrL 0.057 TrA 0.981 TrF1 0.981 TrFR 0.999968 || VaL 0.506 VaA 0.887 VaF1 0.887 VaFR 0.000000
[INFO] 확인용 feat_dim: 2048
[INFO] Avg erased per sample: 409.6 dims (20.0% of total)
[INFO] Ep120/120 | Lr 0.00e+00 | TrL 0.056 TrA 0.981 TrF1 0.981 TrFR 0.999968 || VaL 0.505 VaA 0.887 VaF1 0.887 VaFR 0.000000
[INFO] 학습 곡선 저장 완료 → results\curves\resnet50_datasetcifar10_dp0.2_noise0.05_seed42_epochs120_w5_curve.csv
[INFO] 모델 체크포인트 저장 완료 → results\checkpoints\resnet50_cifar10_dp0.2_noise0.05_seed42.pth
[INFO] [Eval] Erasure 0.00 | Acc 0.887 F1 0.887 FR 0.000000 Loss 0.505
[INFO] [Eval] Erasure 0.10 | Acc 0.887 F1 0.887 FR 0.999967 Loss 0.556
[INFO] [Eval] Erasure 0.20 | Acc 0.887 F1 0.887 FR 0.999971 Loss 0.606
[INFO] [Eval] Erasure 0.30 | Acc 0.887 F1 0.887 FR 0.999971 Loss 0.657
[INFO] [Eval] Erasure 0.40 | Acc 0.887 F1 0.887 FR 0.999971 Loss 0.707
[INFO] [Eval] Erasure 0.50 | Acc 0.887 F1 0.887 FR 0.999970 Loss 0.758
[INFO] [Eval] Erasure 0.60 | Acc 0.887 F1 0.887 FR 0.999971 Loss 0.808
[INFO] =============== 종료: 백본=resnet50, 데이터셋=cifar10, DP=0.2, Noise=0.05, Seed=42, Warmup=5 ===============

[INFO] 모든 실험 요약 결과 저장 완료 → results\c10_r50_nncl_learnA.csv
