[INFO] Received CLI args: Namespace(dataset='cifar10', data_root=WindowsPath('data'), backbones=['resnet50'], redundancy=0.25, learnable_A=False, no_nncl=True, dropout_rates=[0.2], noise_stds=[0.05], erasure_rates=[0.0, 0.1, 0.2, 0.3, 0.4, 0.5, 0.6], epochs=120, batch=128, warmup_epochs=5, aux_rec_loss=False, lambda_rec=1.0, num_workers=8, seed=42, deterministic=False, device='cuda', csv_out=WindowsPath('results/c10_r50_base.csv'), use_masked_var=False, lr=0.0001)
[INFO] Running with backbone=resnet50, dp=0.2, noise=0.05, erasure_rates=[0.0, 0.1, 0.2, 0.3, 0.4, 0.5, 0.6]
[INFO] 
=============== 시작: 백본=resnet50, 데이터셋=cifar10, DP=0.2, Noise=0.05, Seed=42, Warmup=5 ===============
[INFO] [Opt] AdamW lr=1.0000e-04, 스케줄러: 5 에폭 선형 워밍업 후 코사인 감쇠 (전체 120 에폭)
[INFO] No features erased in this epoch.
[INFO] Ep001/120 | Lr 4.00e-05 | TrL 2.283 TrA 0.141 TrF1 0.140 TrFR 1.000000 || VaL 2.169 VaA 0.225 VaF1 0.219 VaFR 1.000000
[INFO] No features erased in this epoch.
[INFO] Ep002/120 | Lr 6.00e-05 | TrL 1.835 TrA 0.352 TrF1 0.350 TrFR 1.000000 || VaL 1.223 VaA 0.571 VaF1 0.566 VaFR 1.000000
[INFO] No features erased in this epoch.
[INFO] Ep003/120 | Lr 8.00e-05 | TrL 1.215 TrA 0.578 TrF1 0.578 TrFR 1.000000 || VaL 0.864 VaA 0.705 VaF1 0.702 VaFR 1.000000
[INFO] No features erased in this epoch.
[INFO] Ep004/120 | Lr 1.00e-04 | TrL 0.963 TrA 0.667 TrF1 0.666 TrFR 1.000000 || VaL 0.688 VaA 0.765 VaF1 0.763 VaFR 1.000000
[INFO] No features erased in this epoch.
[INFO] Ep005/120 | Lr 1.00e-04 | TrL 0.830 TrA 0.713 TrF1 0.712 TrFR 1.000000 || VaL 0.598 VaA 0.798 VaF1 0.797 VaFR 1.000000
[INFO] No features erased in this epoch.
[INFO] Ep006/120 | Lr 1.00e-04 | TrL 0.734 TrA 0.746 TrF1 0.746 TrFR 1.000000 || VaL 0.546 VaA 0.818 VaF1 0.818 VaFR 1.000000
[INFO] No features erased in this epoch.
[INFO] Ep007/120 | Lr 9.99e-05 | TrL 0.669 TrA 0.768 TrF1 0.767 TrFR 1.000000 || VaL 0.513 VaA 0.831 VaF1 0.830 VaFR 1.000000
[INFO] No features erased in this epoch.
[INFO] Ep008/120 | Lr 9.98e-05 | TrL 0.623 TrA 0.784 TrF1 0.784 TrFR 1.000000 || VaL 0.479 VaA 0.843 VaF1 0.843 VaFR 1.000000
[INFO] No features erased in this epoch.
[INFO] Ep009/120 | Lr 9.97e-05 | TrL 0.589 TrA 0.796 TrF1 0.795 TrFR 1.000000 || VaL 0.473 VaA 0.845 VaF1 0.845 VaFR 1.000000
[INFO] No features erased in this epoch.
[INFO] Ep010/120 | Lr 9.95e-05 | TrL 0.555 TrA 0.807 TrF1 0.807 TrFR 1.000000 || VaL 0.455 VaA 0.849 VaF1 0.848 VaFR 1.000000
[INFO] No features erased in this epoch.
[INFO] Ep011/120 | Lr 9.93e-05 | TrL 0.528 TrA 0.818 TrF1 0.818 TrFR 1.000000 || VaL 0.443 VaA 0.858 VaF1 0.858 VaFR 1.000000
[INFO] No features erased in this epoch.
[INFO] Ep012/120 | Lr 9.91e-05 | TrL 0.499 TrA 0.827 TrF1 0.827 TrFR 1.000000 || VaL 0.423 VaA 0.864 VaF1 0.863 VaFR 1.000000
[INFO] No features erased in this epoch.
[INFO] Ep013/120 | Lr 9.88e-05 | TrL 0.484 TrA 0.833 TrF1 0.832 TrFR 1.000000 || VaL 0.432 VaA 0.864 VaF1 0.863 VaFR 1.000000
[INFO] No features erased in this epoch.
[INFO] Ep014/120 | Lr 9.85e-05 | TrL 0.458 TrA 0.841 TrF1 0.841 TrFR 1.000000 || VaL 0.429 VaA 0.864 VaF1 0.864 VaFR 1.000000
[INFO] No features erased in this epoch.
[INFO] Ep015/120 | Lr 9.81e-05 | TrL 0.448 TrA 0.844 TrF1 0.844 TrFR 1.000000 || VaL 0.416 VaA 0.867 VaF1 0.867 VaFR 1.000000
[INFO] No features erased in this epoch.
[INFO] Ep016/120 | Lr 9.78e-05 | TrL 0.429 TrA 0.851 TrF1 0.851 TrFR 1.000000 || VaL 0.411 VaA 0.871 VaF1 0.871 VaFR 1.000000
[INFO] No features erased in this epoch.
[INFO] Ep017/120 | Lr 9.73e-05 | TrL 0.413 TrA 0.856 TrF1 0.856 TrFR 1.000000 || VaL 0.406 VaA 0.874 VaF1 0.873 VaFR 1.000000
[INFO] No features erased in this epoch.
[INFO] Ep018/120 | Lr 9.69e-05 | TrL 0.396 TrA 0.861 TrF1 0.861 TrFR 1.000000 || VaL 0.414 VaA 0.872 VaF1 0.871 VaFR 1.000000
[INFO] No features erased in this epoch.
[INFO] Ep019/120 | Lr 9.64e-05 | TrL 0.380 TrA 0.866 TrF1 0.865 TrFR 1.000000 || VaL 0.408 VaA 0.876 VaF1 0.876 VaFR 1.000000
[INFO] No features erased in this epoch.
[INFO] Ep020/120 | Lr 9.59e-05 | TrL 0.371 TrA 0.870 TrF1 0.870 TrFR 1.000000 || VaL 0.400 VaA 0.878 VaF1 0.878 VaFR 1.000000
[INFO] No features erased in this epoch.
[INFO] Ep021/120 | Lr 9.53e-05 | TrL 0.360 TrA 0.875 TrF1 0.875 TrFR 1.000000 || VaL 0.414 VaA 0.878 VaF1 0.878 VaFR 1.000000
[INFO] No features erased in this epoch.
[INFO] Ep022/120 | Lr 9.47e-05 | TrL 0.345 TrA 0.879 TrF1 0.879 TrFR 1.000000 || VaL 0.410 VaA 0.877 VaF1 0.876 VaFR 1.000000
[INFO] No features erased in this epoch.
[INFO] Ep023/120 | Lr 9.41e-05 | TrL 0.336 TrA 0.884 TrF1 0.884 TrFR 1.000000 || VaL 0.421 VaA 0.876 VaF1 0.876 VaFR 1.000000
[INFO] No features erased in this epoch.
[INFO] Ep024/120 | Lr 9.34e-05 | TrL 0.325 TrA 0.887 TrF1 0.887 TrFR 1.000000 || VaL 0.433 VaA 0.873 VaF1 0.873 VaFR 1.000000
[INFO] No features erased in this epoch.
[INFO] Ep025/120 | Lr 9.27e-05 | TrL 0.316 TrA 0.888 TrF1 0.888 TrFR 1.000000 || VaL 0.420 VaA 0.876 VaF1 0.876 VaFR 1.000000
[INFO] No features erased in this epoch.
[INFO] Ep026/120 | Lr 9.20e-05 | TrL 0.305 TrA 0.892 TrF1 0.892 TrFR 1.000000 || VaL 0.426 VaA 0.880 VaF1 0.880 VaFR 1.000000
[INFO] No features erased in this epoch.
[INFO] Ep027/120 | Lr 9.12e-05 | TrL 0.290 TrA 0.898 TrF1 0.898 TrFR 1.000000 || VaL 0.427 VaA 0.883 VaF1 0.883 VaFR 1.000000
[INFO] No features erased in this epoch.
[INFO] Ep028/120 | Lr 9.05e-05 | TrL 0.291 TrA 0.900 TrF1 0.900 TrFR 1.000000 || VaL 0.419 VaA 0.879 VaF1 0.879 VaFR 1.000000
[INFO] No features erased in this epoch.
[INFO] Ep029/120 | Lr 8.96e-05 | TrL 0.278 TrA 0.902 TrF1 0.902 TrFR 1.000000 || VaL 0.436 VaA 0.881 VaF1 0.881 VaFR 1.000000
[INFO] No features erased in this epoch.
[INFO] Ep030/120 | Lr 8.88e-05 | TrL 0.270 TrA 0.906 TrF1 0.906 TrFR 1.000000 || VaL 0.427 VaA 0.886 VaF1 0.886 VaFR 1.000000
[INFO] No features erased in this epoch.
[INFO] Ep031/120 | Lr 8.79e-05 | TrL 0.266 TrA 0.908 TrF1 0.908 TrFR 1.000000 || VaL 0.423 VaA 0.885 VaF1 0.885 VaFR 1.000000
[INFO] No features erased in this epoch.
[INFO] Ep032/120 | Lr 8.70e-05 | TrL 0.256 TrA 0.911 TrF1 0.911 TrFR 1.000000 || VaL 0.446 VaA 0.885 VaF1 0.885 VaFR 1.000000
[INFO] No features erased in this epoch.
[INFO] Ep033/120 | Lr 8.61e-05 | TrL 0.256 TrA 0.911 TrF1 0.911 TrFR 1.000000 || VaL 0.438 VaA 0.884 VaF1 0.884 VaFR 1.000000
[INFO] No features erased in this epoch.
[INFO] Ep034/120 | Lr 8.51e-05 | TrL 0.248 TrA 0.914 TrF1 0.914 TrFR 1.000000 || VaL 0.435 VaA 0.886 VaF1 0.886 VaFR 1.000000
[INFO] No features erased in this epoch.
[INFO] Ep035/120 | Lr 8.41e-05 | TrL 0.234 TrA 0.919 TrF1 0.919 TrFR 1.000000 || VaL 0.443 VaA 0.883 VaF1 0.884 VaFR 1.000000
[INFO] No features erased in this epoch.
[INFO] Ep036/120 | Lr 8.31e-05 | TrL 0.231 TrA 0.919 TrF1 0.919 TrFR 1.000000 || VaL 0.444 VaA 0.882 VaF1 0.882 VaFR 1.000000
[INFO] No features erased in this epoch.
[INFO] Ep037/120 | Lr 8.21e-05 | TrL 0.223 TrA 0.922 TrF1 0.922 TrFR 1.000000 || VaL 0.468 VaA 0.881 VaF1 0.881 VaFR 1.000000
[INFO] No features erased in this epoch.
[INFO] Ep038/120 | Lr 8.10e-05 | TrL 0.221 TrA 0.924 TrF1 0.924 TrFR 1.000000 || VaL 0.472 VaA 0.879 VaF1 0.879 VaFR 1.000000
[INFO] No features erased in this epoch.
[INFO] Ep039/120 | Lr 7.99e-05 | TrL 0.217 TrA 0.923 TrF1 0.923 TrFR 1.000000 || VaL 0.466 VaA 0.883 VaF1 0.883 VaFR 1.000000
[INFO] No features erased in this epoch.
[INFO] Ep040/120 | Lr 7.88e-05 | TrL 0.204 TrA 0.929 TrF1 0.929 TrFR 1.000000 || VaL 0.484 VaA 0.881 VaF1 0.881 VaFR 1.000000
[INFO] No features erased in this epoch.
[INFO] Ep041/120 | Lr 7.77e-05 | TrL 0.204 TrA 0.929 TrF1 0.929 TrFR 1.000000 || VaL 0.475 VaA 0.882 VaF1 0.882 VaFR 1.000000
[INFO] No features erased in this epoch.
[INFO] Ep042/120 | Lr 7.66e-05 | TrL 0.199 TrA 0.930 TrF1 0.930 TrFR 1.000000 || VaL 0.473 VaA 0.885 VaF1 0.885 VaFR 1.000000
[INFO] No features erased in this epoch.
[INFO] Ep043/120 | Lr 7.54e-05 | TrL 0.196 TrA 0.933 TrF1 0.933 TrFR 1.000000 || VaL 0.501 VaA 0.881 VaF1 0.881 VaFR 1.000000
[INFO] No features erased in this epoch.
[INFO] Ep044/120 | Lr 7.42e-05 | TrL 0.190 TrA 0.934 TrF1 0.934 TrFR 1.000000 || VaL 0.486 VaA 0.883 VaF1 0.883 VaFR 1.000000
[INFO] No features erased in this epoch.
[INFO] Ep045/120 | Lr 7.30e-05 | TrL 0.185 TrA 0.937 TrF1 0.937 TrFR 1.000000 || VaL 0.492 VaA 0.883 VaF1 0.884 VaFR 1.000000
[INFO] No features erased in this epoch.
[INFO] Ep046/120 | Lr 7.18e-05 | TrL 0.185 TrA 0.935 TrF1 0.935 TrFR 1.000000 || VaL 0.489 VaA 0.882 VaF1 0.881 VaFR 1.000000
[INFO] No features erased in this epoch.
[INFO] Ep047/120 | Lr 7.05e-05 | TrL 0.175 TrA 0.939 TrF1 0.939 TrFR 1.000000 || VaL 0.505 VaA 0.883 VaF1 0.882 VaFR 1.000000
[INFO] No features erased in this epoch.
[INFO] Ep048/120 | Lr 6.93e-05 | TrL 0.171 TrA 0.940 TrF1 0.940 TrFR 1.000000 || VaL 0.506 VaA 0.884 VaF1 0.884 VaFR 1.000000
[INFO] No features erased in this epoch.
[INFO] Ep049/120 | Lr 6.80e-05 | TrL 0.165 TrA 0.942 TrF1 0.942 TrFR 1.000000 || VaL 0.502 VaA 0.885 VaF1 0.885 VaFR 1.000000
[INFO] No features erased in this epoch.
[INFO] Ep050/120 | Lr 6.67e-05 | TrL 0.163 TrA 0.944 TrF1 0.944 TrFR 1.000000 || VaL 0.524 VaA 0.882 VaF1 0.882 VaFR 1.000000
[INFO] No features erased in this epoch.
[INFO] Ep051/120 | Lr 6.55e-05 | TrL 0.155 TrA 0.947 TrF1 0.947 TrFR 1.000000 || VaL 0.525 VaA 0.881 VaF1 0.880 VaFR 1.000000
[INFO] No features erased in this epoch.
[INFO] Ep052/120 | Lr 6.41e-05 | TrL 0.159 TrA 0.945 TrF1 0.945 TrFR 1.000000 || VaL 0.517 VaA 0.882 VaF1 0.882 VaFR 1.000000
[INFO] No features erased in this epoch.
[INFO] Ep053/120 | Lr 6.28e-05 | TrL 0.150 TrA 0.948 TrF1 0.948 TrFR 1.000000 || VaL 0.514 VaA 0.885 VaF1 0.885 VaFR 1.000000
[INFO] No features erased in this epoch.
[INFO] Ep054/120 | Lr 6.15e-05 | TrL 0.151 TrA 0.948 TrF1 0.948 TrFR 1.000000 || VaL 0.529 VaA 0.882 VaF1 0.882 VaFR 1.000000
[INFO] No features erased in this epoch.
[INFO] Ep055/120 | Lr 6.02e-05 | TrL 0.150 TrA 0.948 TrF1 0.948 TrFR 1.000000 || VaL 0.526 VaA 0.884 VaF1 0.884 VaFR 1.000000
[INFO] No features erased in this epoch.
[INFO] Ep056/120 | Lr 5.88e-05 | TrL 0.141 TrA 0.952 TrF1 0.952 TrFR 1.000000 || VaL 0.518 VaA 0.886 VaF1 0.886 VaFR 1.000000
[INFO] No features erased in this epoch.
[INFO] Ep057/120 | Lr 5.75e-05 | TrL 0.140 TrA 0.951 TrF1 0.951 TrFR 1.000000 || VaL 0.537 VaA 0.886 VaF1 0.886 VaFR 1.000000
[INFO] No features erased in this epoch.
[INFO] Ep058/120 | Lr 5.61e-05 | TrL 0.143 TrA 0.950 TrF1 0.950 TrFR 1.000000 || VaL 0.530 VaA 0.885 VaF1 0.885 VaFR 1.000000
[INFO] No features erased in this epoch.
[INFO] Ep059/120 | Lr 5.48e-05 | TrL 0.135 TrA 0.953 TrF1 0.953 TrFR 1.000000 || VaL 0.533 VaA 0.886 VaF1 0.886 VaFR 1.000000
[INFO] No features erased in this epoch.
[INFO] Ep060/120 | Lr 5.34e-05 | TrL 0.136 TrA 0.954 TrF1 0.954 TrFR 1.000000 || VaL 0.537 VaA 0.887 VaF1 0.887 VaFR 1.000000
[INFO] No features erased in this epoch.
[INFO] Ep061/120 | Lr 5.20e-05 | TrL 0.130 TrA 0.955 TrF1 0.955 TrFR 1.000000 || VaL 0.540 VaA 0.884 VaF1 0.884 VaFR 1.000000
[INFO] No features erased in this epoch.
[INFO] Ep062/120 | Lr 5.07e-05 | TrL 0.128 TrA 0.957 TrF1 0.957 TrFR 1.000000 || VaL 0.541 VaA 0.888 VaF1 0.888 VaFR 1.000000
[INFO] No features erased in this epoch.
[INFO] Ep063/120 | Lr 4.93e-05 | TrL 0.128 TrA 0.956 TrF1 0.956 TrFR 1.000000 || VaL 0.537 VaA 0.888 VaF1 0.888 VaFR 1.000000
[INFO] No features erased in this epoch.
[INFO] Ep064/120 | Lr 4.80e-05 | TrL 0.120 TrA 0.960 TrF1 0.960 TrFR 1.000000 || VaL 0.546 VaA 0.889 VaF1 0.889 VaFR 1.000000
[INFO] No features erased in this epoch.
[INFO] Ep065/120 | Lr 4.66e-05 | TrL 0.120 TrA 0.959 TrF1 0.959 TrFR 1.000000 || VaL 0.549 VaA 0.888 VaF1 0.888 VaFR 1.000000
[INFO] No features erased in this epoch.
[INFO] Ep066/120 | Lr 4.52e-05 | TrL 0.118 TrA 0.960 TrF1 0.960 TrFR 1.000000 || VaL 0.543 VaA 0.886 VaF1 0.886 VaFR 1.000000
[INFO] No features erased in this epoch.
[INFO] Ep067/120 | Lr 4.39e-05 | TrL 0.113 TrA 0.962 TrF1 0.962 TrFR 1.000000 || VaL 0.555 VaA 0.887 VaF1 0.888 VaFR 1.000000
[INFO] No features erased in this epoch.
[INFO] Ep068/120 | Lr 4.25e-05 | TrL 0.109 TrA 0.962 TrF1 0.962 TrFR 1.000000 || VaL 0.563 VaA 0.888 VaF1 0.888 VaFR 1.000000
[INFO] No features erased in this epoch.
[INFO] Ep069/120 | Lr 4.12e-05 | TrL 0.112 TrA 0.962 TrF1 0.962 TrFR 1.000000 || VaL 0.556 VaA 0.889 VaF1 0.889 VaFR 1.000000
[INFO] No features erased in this epoch.
[INFO] Ep070/120 | Lr 3.98e-05 | TrL 0.112 TrA 0.963 TrF1 0.963 TrFR 1.000000 || VaL 0.556 VaA 0.891 VaF1 0.891 VaFR 1.000000
[INFO] No features erased in this epoch.
[INFO] Ep071/120 | Lr 3.85e-05 | TrL 0.110 TrA 0.963 TrF1 0.963 TrFR 1.000000 || VaL 0.567 VaA 0.891 VaF1 0.891 VaFR 1.000000
[INFO] No features erased in this epoch.
[INFO] Ep072/120 | Lr 3.72e-05 | TrL 0.106 TrA 0.963 TrF1 0.963 TrFR 1.000000 || VaL 0.555 VaA 0.891 VaF1 0.891 VaFR 1.000000
[INFO] No features erased in this epoch.
[INFO] Ep073/120 | Lr 3.59e-05 | TrL 0.104 TrA 0.964 TrF1 0.964 TrFR 1.000000 || VaL 0.566 VaA 0.890 VaF1 0.890 VaFR 1.000000
[INFO] No features erased in this epoch.
[INFO] Ep074/120 | Lr 3.45e-05 | TrL 0.098 TrA 0.967 TrF1 0.967 TrFR 1.000000 || VaL 0.574 VaA 0.887 VaF1 0.887 VaFR 1.000000
[INFO] No features erased in this epoch.
[INFO] Ep075/120 | Lr 3.33e-05 | TrL 0.098 TrA 0.966 TrF1 0.966 TrFR 1.000000 || VaL 0.570 VaA 0.890 VaF1 0.889 VaFR 1.000000
[INFO] No features erased in this epoch.
[INFO] Ep076/120 | Lr 3.20e-05 | TrL 0.100 TrA 0.967 TrF1 0.967 TrFR 1.000000 || VaL 0.589 VaA 0.888 VaF1 0.888 VaFR 1.000000
[INFO] No features erased in this epoch.
[INFO] Ep077/120 | Lr 3.07e-05 | TrL 0.098 TrA 0.967 TrF1 0.967 TrFR 1.000000 || VaL 0.569 VaA 0.888 VaF1 0.888 VaFR 1.000000
[INFO] No features erased in this epoch.
[INFO] Ep078/120 | Lr 2.95e-05 | TrL 0.095 TrA 0.968 TrF1 0.968 TrFR 1.000000 || VaL 0.570 VaA 0.891 VaF1 0.891 VaFR 1.000000
[INFO] No features erased in this epoch.
[INFO] Ep079/120 | Lr 2.82e-05 | TrL 0.092 TrA 0.969 TrF1 0.969 TrFR 1.000000 || VaL 0.585 VaA 0.887 VaF1 0.888 VaFR 1.000000
[INFO] No features erased in this epoch.
[INFO] Ep080/120 | Lr 2.70e-05 | TrL 0.092 TrA 0.969 TrF1 0.969 TrFR 1.000000 || VaL 0.584 VaA 0.889 VaF1 0.889 VaFR 1.000000
[INFO] No features erased in this epoch.
[INFO] Ep081/120 | Lr 2.58e-05 | TrL 0.087 TrA 0.971 TrF1 0.971 TrFR 1.000000 || VaL 0.590 VaA 0.888 VaF1 0.888 VaFR 1.000000
[INFO] No features erased in this epoch.
[INFO] Ep082/120 | Lr 2.46e-05 | TrL 0.088 TrA 0.970 TrF1 0.970 TrFR 1.000000 || VaL 0.590 VaA 0.889 VaF1 0.890 VaFR 1.000000
[INFO] No features erased in this epoch.
[INFO] Ep083/120 | Lr 2.34e-05 | TrL 0.091 TrA 0.969 TrF1 0.969 TrFR 1.000000 || VaL 0.577 VaA 0.889 VaF1 0.889 VaFR 1.000000
[INFO] No features erased in this epoch.
[INFO] Ep084/120 | Lr 2.23e-05 | TrL 0.084 TrA 0.972 TrF1 0.972 TrFR 1.000000 || VaL 0.582 VaA 0.888 VaF1 0.888 VaFR 1.000000
[INFO] No features erased in this epoch.
[INFO] Ep085/120 | Lr 2.12e-05 | TrL 0.087 TrA 0.970 TrF1 0.970 TrFR 1.000000 || VaL 0.582 VaA 0.890 VaF1 0.890 VaFR 1.000000
[INFO] No features erased in this epoch.
[INFO] Ep086/120 | Lr 2.01e-05 | TrL 0.082 TrA 0.972 TrF1 0.972 TrFR 1.000000 || VaL 0.594 VaA 0.890 VaF1 0.890 VaFR 1.000000
[INFO] No features erased in this epoch.
[INFO] Ep087/120 | Lr 1.90e-05 | TrL 0.083 TrA 0.972 TrF1 0.972 TrFR 1.000000 || VaL 0.592 VaA 0.890 VaF1 0.890 VaFR 1.000000
[INFO] No features erased in this epoch.
[INFO] Ep088/120 | Lr 1.79e-05 | TrL 0.082 TrA 0.972 TrF1 0.972 TrFR 1.000000 || VaL 0.588 VaA 0.890 VaF1 0.890 VaFR 1.000000
[INFO] No features erased in this epoch.
[INFO] Ep089/120 | Lr 1.69e-05 | TrL 0.081 TrA 0.972 TrF1 0.972 TrFR 1.000000 || VaL 0.587 VaA 0.890 VaF1 0.890 VaFR 1.000000
[INFO] No features erased in this epoch.
[INFO] Ep090/120 | Lr 1.59e-05 | TrL 0.078 TrA 0.974 TrF1 0.974 TrFR 1.000000 || VaL 0.588 VaA 0.890 VaF1 0.890 VaFR 1.000000
[INFO] No features erased in this epoch.
[INFO] Ep091/120 | Lr 1.49e-05 | TrL 0.077 TrA 0.974 TrF1 0.974 TrFR 1.000000 || VaL 0.591 VaA 0.891 VaF1 0.891 VaFR 1.000000
[INFO] No features erased in this epoch.
[INFO] Ep092/120 | Lr 1.39e-05 | TrL 0.077 TrA 0.974 TrF1 0.974 TrFR 1.000000 || VaL 0.585 VaA 0.891 VaF1 0.891 VaFR 1.000000
[INFO] No features erased in this epoch.
[INFO] Ep093/120 | Lr 1.30e-05 | TrL 0.076 TrA 0.974 TrF1 0.974 TrFR 1.000000 || VaL 0.590 VaA 0.892 VaF1 0.892 VaFR 1.000000
[INFO] No features erased in this epoch.
[INFO] Ep094/120 | Lr 1.21e-05 | TrL 0.075 TrA 0.974 TrF1 0.974 TrFR 1.000000 || VaL 0.584 VaA 0.891 VaF1 0.891 VaFR 1.000000
[INFO] No features erased in this epoch.
[INFO] Ep095/120 | Lr 1.12e-05 | TrL 0.075 TrA 0.975 TrF1 0.975 TrFR 1.000000 || VaL 0.585 VaA 0.892 VaF1 0.892 VaFR 1.000000
[INFO] No features erased in this epoch.
[INFO] Ep096/120 | Lr 1.04e-05 | TrL 0.073 TrA 0.976 TrF1 0.976 TrFR 1.000000 || VaL 0.581 VaA 0.893 VaF1 0.893 VaFR 1.000000
[INFO] No features erased in this epoch.
[INFO] Ep097/120 | Lr 9.55e-06 | TrL 0.072 TrA 0.976 TrF1 0.976 TrFR 1.000000 || VaL 0.586 VaA 0.892 VaF1 0.892 VaFR 1.000000
[INFO] No features erased in this epoch.
[INFO] Ep098/120 | Lr 8.76e-06 | TrL 0.076 TrA 0.975 TrF1 0.975 TrFR 1.000000 || VaL 0.590 VaA 0.892 VaF1 0.892 VaFR 1.000000
[INFO] No features erased in this epoch.
[INFO] Ep099/120 | Lr 8.00e-06 | TrL 0.071 TrA 0.976 TrF1 0.976 TrFR 1.000000 || VaL 0.585 VaA 0.893 VaF1 0.892 VaFR 1.000000
[INFO] No features erased in this epoch.
[INFO] Ep100/120 | Lr 7.28e-06 | TrL 0.073 TrA 0.976 TrF1 0.976 TrFR 1.000000 || VaL 0.591 VaA 0.891 VaF1 0.891 VaFR 1.000000
[INFO] No features erased in this epoch.
[INFO] Ep101/120 | Lr 6.59e-06 | TrL 0.068 TrA 0.977 TrF1 0.977 TrFR 1.000000 || VaL 0.589 VaA 0.893 VaF1 0.893 VaFR 1.000000
[INFO] No features erased in this epoch.
[INFO] Ep102/120 | Lr 5.92e-06 | TrL 0.070 TrA 0.976 TrF1 0.976 TrFR 1.000000 || VaL 0.589 VaA 0.894 VaF1 0.894 VaFR 1.000000
[INFO] No features erased in this epoch.
[INFO] Ep103/120 | Lr 5.30e-06 | TrL 0.071 TrA 0.976 TrF1 0.976 TrFR 1.000000 || VaL 0.590 VaA 0.893 VaF1 0.893 VaFR 1.000000
[INFO] No features erased in this epoch.
[INFO] Ep104/120 | Lr 4.70e-06 | TrL 0.070 TrA 0.977 TrF1 0.977 TrFR 1.000000 || VaL 0.588 VaA 0.892 VaF1 0.892 VaFR 1.000000
[INFO] No features erased in this epoch.
[INFO] Ep105/120 | Lr 4.14e-06 | TrL 0.069 TrA 0.976 TrF1 0.976 TrFR 1.000000 || VaL 0.593 VaA 0.892 VaF1 0.892 VaFR 1.000000
[INFO] No features erased in this epoch.
[INFO] Ep106/120 | Lr 3.61e-06 | TrL 0.068 TrA 0.976 TrF1 0.976 TrFR 1.000000 || VaL 0.589 VaA 0.892 VaF1 0.891 VaFR 1.000000
[INFO] No features erased in this epoch.
[INFO] Ep107/120 | Lr 3.12e-06 | TrL 0.066 TrA 0.978 TrF1 0.978 TrFR 1.000000 || VaL 0.592 VaA 0.893 VaF1 0.893 VaFR 1.000000
[INFO] No features erased in this epoch.
[INFO] Ep108/120 | Lr 2.66e-06 | TrL 0.066 TrA 0.978 TrF1 0.978 TrFR 1.000000 || VaL 0.587 VaA 0.893 VaF1 0.893 VaFR 1.000000
[INFO] No features erased in this epoch.
[INFO] Ep109/120 | Lr 2.24e-06 | TrL 0.069 TrA 0.977 TrF1 0.977 TrFR 1.000000 || VaL 0.587 VaA 0.893 VaF1 0.893 VaFR 1.000000
[INFO] No features erased in this epoch.
[INFO] Ep110/120 | Lr 1.85e-06 | TrL 0.068 TrA 0.977 TrF1 0.977 TrFR 1.000000 || VaL 0.590 VaA 0.894 VaF1 0.894 VaFR 1.000000
[INFO] No features erased in this epoch.
[INFO] Ep111/120 | Lr 1.50e-06 | TrL 0.067 TrA 0.978 TrF1 0.978 TrFR 1.000000 || VaL 0.601 VaA 0.893 VaF1 0.893 VaFR 1.000000
[INFO] No features erased in this epoch.
[INFO] Ep112/120 | Lr 1.19e-06 | TrL 0.063 TrA 0.979 TrF1 0.979 TrFR 1.000000 || VaL 0.594 VaA 0.894 VaF1 0.894 VaFR 1.000000
[INFO] No features erased in this epoch.
[INFO] Ep113/120 | Lr 9.11e-07 | TrL 0.069 TrA 0.977 TrF1 0.977 TrFR 1.000000 || VaL 0.590 VaA 0.894 VaF1 0.894 VaFR 1.000000
[INFO] No features erased in this epoch.
[INFO] Ep114/120 | Lr 6.70e-07 | TrL 0.068 TrA 0.977 TrF1 0.977 TrFR 1.000000 || VaL 0.592 VaA 0.893 VaF1 0.893 VaFR 1.000000
[INFO] No features erased in this epoch.
[INFO] Ep115/120 | Lr 4.66e-07 | TrL 0.066 TrA 0.978 TrF1 0.978 TrFR 1.000000 || VaL 0.599 VaA 0.893 VaF1 0.893 VaFR 1.000000
[INFO] No features erased in this epoch.
[INFO] Ep116/120 | Lr 2.98e-07 | TrL 0.066 TrA 0.977 TrF1 0.977 TrFR 1.000000 || VaL 0.602 VaA 0.893 VaF1 0.893 VaFR 1.000000
[INFO] No features erased in this epoch.
[INFO] Ep117/120 | Lr 1.68e-07 | TrL 0.067 TrA 0.978 TrF1 0.978 TrFR 1.000000 || VaL 0.594 VaA 0.894 VaF1 0.894 VaFR 1.000000
[INFO] No features erased in this epoch.
[INFO] Ep118/120 | Lr 7.46e-08 | TrL 0.067 TrA 0.977 TrF1 0.977 TrFR 1.000000 || VaL 0.591 VaA 0.893 VaF1 0.893 VaFR 1.000000
[INFO] No features erased in this epoch.
[INFO] Ep119/120 | Lr 1.87e-08 | TrL 0.068 TrA 0.978 TrF1 0.978 TrFR 1.000000 || VaL 0.596 VaA 0.895 VaF1 0.895 VaFR 1.000000
[INFO] No features erased in this epoch.
[INFO] Ep120/120 | Lr 0.00e+00 | TrL 0.065 TrA 0.978 TrF1 0.978 TrFR 1.000000 || VaL 0.599 VaA 0.893 VaF1 0.893 VaFR 1.000000
[INFO] 학습 곡선 저장 완료 → results\curves\resnet50_datasetcifar10_dp0.2_noise0.05_seed42_epochs120_w5_curve.csv
[INFO] 모델 체크포인트 저장 완료 → results\checkpoints\resnet50_cifar10_dp0.2_noise0.05_seed42.pth
[INFO] [Eval] Erasure 0.00 | Acc 0.893 F1 0.893 FR 1.000000 Loss 0.599
[INFO] [Eval] Erasure 0.10 | Acc 0.893 F1 0.893 FR 1.000000 Loss 0.602
[INFO] [Eval] Erasure 0.20 | Acc 0.892 F1 0.892 FR 1.000000 Loss 0.606
[INFO] [Eval] Erasure 0.30 | Acc 0.891 F1 0.891 FR 1.000000 Loss 0.600
[INFO] [Eval] Erasure 0.40 | Acc 0.891 F1 0.891 FR 1.000000 Loss 0.580
[INFO] [Eval] Erasure 0.50 | Acc 0.889 F1 0.889 FR 1.000000 Loss 0.574
[INFO] [Eval] Erasure 0.60 | Acc 0.886 F1 0.886 FR 1.000000 Loss 0.582
[INFO] =============== 종료: 백본=resnet50, 데이터셋=cifar10, DP=0.2, Noise=0.05, Seed=42, Warmup=5 ===============

[INFO] 모든 실험 요약 결과 저장 완료 → results\c10_r50_base.csv
