[INFO] Received CLI args: Namespace(dataset='cifar100', data_root=WindowsPath('data'), backbones=['efficientnet_b0'], redundancy=0.5, learnable_A=False, no_nncl=False, dropout_rates=[0.2], noise_stds=[0.05], erasure_rates=[0.0, 0.2, 0.4], epochs=120, batch=128, warmup_epochs=5, aux_rec_loss=True, lambda_rec=1.0, num_workers=8, seed=42, deterministic=False, device='cuda', csv_out=WindowsPath('results/lr_tune_efficientnet_b0_lr3e4_fixedA.csv'), use_masked_var=True, lr=0.0003)
[INFO] Running with backbone=efficientnet_b0, dp=0.2, noise=0.05, erasure_rates=[0.0, 0.2, 0.4]
[INFO] 
=============== 시작: 백본=efficientnet_b0, 데이터셋=cifar100, DP=0.2, Noise=0.05, Seed=42, Warmup=5 ===============
[INFO] [Opt] AdamW lr=3.0000e-04, 스케줄러: 5 에폭 선형 워밍업 후 코사인 감쇠 (전체 120 에폭)
[INFO] 확인용 feat_dim: 1280
[INFO] Avg erased per sample: 256.0 dims (20.0% of total)
[INFO] Ep001/120 | Lr 1.20e-04 | TrL 4.513 TrA 0.036 TrF1 0.033 TrFR 0.999954 || VaL 4.261 VaA 0.082 VaF1 0.066 VaFR 0.000000
[INFO] 확인용 feat_dim: 1280
[INFO] Avg erased per sample: 256.0 dims (20.0% of total)
[INFO] Ep002/120 | Lr 1.80e-04 | TrL 3.819 TrA 0.136 TrF1 0.116 TrFR 0.999956 || VaL 3.313 VaA 0.216 VaF1 0.191 VaFR 0.000000
[INFO] 확인용 feat_dim: 1280
[INFO] Avg erased per sample: 255.8 dims (20.0% of total)
[INFO] Ep003/120 | Lr 2.40e-04 | TrL 3.100 TrA 0.242 TrF1 0.226 TrFR 0.999960 || VaL 2.651 VaA 0.329 VaF1 0.310 VaFR 0.000000
[INFO] 확인용 feat_dim: 1280
[INFO] Avg erased per sample: 255.9 dims (20.0% of total)
[INFO] Ep004/120 | Lr 3.00e-04 | TrL 2.666 TrA 0.319 TrF1 0.308 TrFR 0.999962 || VaL 2.270 VaA 0.404 VaF1 0.388 VaFR 0.000000
[INFO] 확인용 feat_dim: 1280
[INFO] Avg erased per sample: 256.0 dims (20.0% of total)
[INFO] Ep005/120 | Lr 3.00e-04 | TrL 2.390 TrA 0.376 TrF1 0.367 TrFR 0.999963 || VaL 2.074 VaA 0.447 VaF1 0.438 VaFR 0.000000
[INFO] 확인용 feat_dim: 1280
[INFO] Avg erased per sample: 256.0 dims (20.0% of total)
[INFO] Ep006/120 | Lr 3.00e-04 | TrL 2.183 TrA 0.419 TrF1 0.412 TrFR 0.999963 || VaL 1.940 VaA 0.471 VaF1 0.462 VaFR 0.000000
[INFO] 확인용 feat_dim: 1280
[INFO] Avg erased per sample: 256.0 dims (20.0% of total)
[INFO] Ep007/120 | Lr 3.00e-04 | TrL 2.044 TrA 0.451 TrF1 0.445 TrFR 0.999963 || VaL 1.823 VaA 0.506 VaF1 0.497 VaFR 0.000000
[INFO] 확인용 feat_dim: 1280
[INFO] Avg erased per sample: 256.0 dims (20.0% of total)
[INFO] Ep008/120 | Lr 2.99e-04 | TrL 1.917 TrA 0.479 TrF1 0.474 TrFR 0.999964 || VaL 1.788 VaA 0.513 VaF1 0.503 VaFR 0.000000
[INFO] 확인용 feat_dim: 1280
[INFO] Avg erased per sample: 256.0 dims (20.0% of total)
[INFO] Ep009/120 | Lr 2.99e-04 | TrL 1.814 TrA 0.501 TrF1 0.496 TrFR 0.999964 || VaL 1.731 VaA 0.526 VaF1 0.518 VaFR 0.000000
[INFO] 확인용 feat_dim: 1280
[INFO] Avg erased per sample: 256.0 dims (20.0% of total)
[INFO] Ep010/120 | Lr 2.99e-04 | TrL 1.725 TrA 0.521 TrF1 0.517 TrFR 0.999964 || VaL 1.694 VaA 0.537 VaF1 0.530 VaFR 0.000000
[INFO] 확인용 feat_dim: 1280
[INFO] Avg erased per sample: 255.9 dims (20.0% of total)
[INFO] Ep011/120 | Lr 2.98e-04 | TrL 1.652 TrA 0.540 TrF1 0.536 TrFR 0.999964 || VaL 1.673 VaA 0.541 VaF1 0.536 VaFR 0.000000
[INFO] 확인용 feat_dim: 1280
[INFO] Avg erased per sample: 255.9 dims (20.0% of total)
[INFO] Ep012/120 | Lr 2.97e-04 | TrL 1.573 TrA 0.560 TrF1 0.557 TrFR 0.999964 || VaL 1.659 VaA 0.550 VaF1 0.545 VaFR 0.000000
[INFO] 확인용 feat_dim: 1280
[INFO] Avg erased per sample: 256.1 dims (20.0% of total)
[INFO] Ep013/120 | Lr 2.96e-04 | TrL 1.500 TrA 0.577 TrF1 0.574 TrFR 0.999964 || VaL 1.661 VaA 0.549 VaF1 0.542 VaFR 0.000000
[INFO] 확인용 feat_dim: 1280
[INFO] Avg erased per sample: 256.2 dims (20.0% of total)
[INFO] Ep014/120 | Lr 2.95e-04 | TrL 1.434 TrA 0.597 TrF1 0.594 TrFR 0.999964 || VaL 1.633 VaA 0.556 VaF1 0.550 VaFR 0.000000
[INFO] 확인용 feat_dim: 1280
[INFO] Avg erased per sample: 255.9 dims (20.0% of total)
[INFO] Ep015/120 | Lr 2.94e-04 | TrL 1.378 TrA 0.607 TrF1 0.605 TrFR 0.999965 || VaL 1.653 VaA 0.556 VaF1 0.549 VaFR 0.000000
[INFO] 확인용 feat_dim: 1280
[INFO] Avg erased per sample: 255.9 dims (20.0% of total)
[INFO] Ep016/120 | Lr 2.93e-04 | TrL 1.316 TrA 0.623 TrF1 0.620 TrFR 0.999965 || VaL 1.645 VaA 0.561 VaF1 0.557 VaFR 0.000000
[INFO] 확인용 feat_dim: 1280
[INFO] Avg erased per sample: 256.0 dims (20.0% of total)
[INFO] Ep017/120 | Lr 2.92e-04 | TrL 1.263 TrA 0.635 TrF1 0.634 TrFR 0.999965 || VaL 1.659 VaA 0.560 VaF1 0.554 VaFR 0.000000
[INFO] 확인용 feat_dim: 1280
[INFO] Avg erased per sample: 256.1 dims (20.0% of total)
[INFO] Ep018/120 | Lr 2.91e-04 | TrL 1.225 TrA 0.647 TrF1 0.646 TrFR 0.999965 || VaL 1.656 VaA 0.560 VaF1 0.556 VaFR 0.000000
[INFO] 확인용 feat_dim: 1280
[INFO] Avg erased per sample: 256.0 dims (20.0% of total)
[INFO] Ep019/120 | Lr 2.89e-04 | TrL 1.166 TrA 0.662 TrF1 0.660 TrFR 0.999965 || VaL 1.661 VaA 0.568 VaF1 0.564 VaFR 0.000000
[INFO] 확인용 feat_dim: 1280
[INFO] Avg erased per sample: 256.0 dims (20.0% of total)
[INFO] Ep020/120 | Lr 2.88e-04 | TrL 1.104 TrA 0.679 TrF1 0.678 TrFR 0.999965 || VaL 1.681 VaA 0.565 VaF1 0.561 VaFR 0.000000
[INFO] 확인용 feat_dim: 1280
[INFO] Avg erased per sample: 256.0 dims (20.0% of total)
[INFO] Ep021/120 | Lr 2.86e-04 | TrL 1.069 TrA 0.687 TrF1 0.686 TrFR 0.999965 || VaL 1.681 VaA 0.571 VaF1 0.568 VaFR 0.000000
[INFO] 확인용 feat_dim: 1280
[INFO] Avg erased per sample: 256.0 dims (20.0% of total)
[INFO] Ep022/120 | Lr 2.84e-04 | TrL 1.022 TrA 0.699 TrF1 0.698 TrFR 0.999965 || VaL 1.705 VaA 0.562 VaF1 0.559 VaFR 0.000000
[INFO] 확인용 feat_dim: 1280
[INFO] Avg erased per sample: 255.9 dims (20.0% of total)
[INFO] Ep023/120 | Lr 2.82e-04 | TrL 0.996 TrA 0.709 TrF1 0.708 TrFR 0.999965 || VaL 1.726 VaA 0.564 VaF1 0.560 VaFR 0.000000
[INFO] 확인용 feat_dim: 1280
[INFO] Avg erased per sample: 256.0 dims (20.0% of total)
[INFO] Ep024/120 | Lr 2.80e-04 | TrL 0.953 TrA 0.719 TrF1 0.718 TrFR 0.999966 || VaL 1.740 VaA 0.563 VaF1 0.559 VaFR 0.000000
[INFO] 확인용 feat_dim: 1280
[INFO] Avg erased per sample: 256.0 dims (20.0% of total)
[INFO] Ep025/120 | Lr 2.78e-04 | TrL 0.907 TrA 0.731 TrF1 0.731 TrFR 0.999966 || VaL 1.755 VaA 0.561 VaF1 0.557 VaFR 0.000000
[INFO] 확인용 feat_dim: 1280
[INFO] Avg erased per sample: 255.9 dims (20.0% of total)
[INFO] Ep026/120 | Lr 2.76e-04 | TrL 0.876 TrA 0.741 TrF1 0.740 TrFR 0.999966 || VaL 1.767 VaA 0.572 VaF1 0.569 VaFR 0.000000
[INFO] 확인용 feat_dim: 1280
[INFO] Avg erased per sample: 256.0 dims (20.0% of total)
[INFO] Ep027/120 | Lr 2.74e-04 | TrL 0.838 TrA 0.754 TrF1 0.753 TrFR 0.999966 || VaL 1.774 VaA 0.568 VaF1 0.565 VaFR 0.000000
[INFO] 확인용 feat_dim: 1280
[INFO] Avg erased per sample: 256.0 dims (20.0% of total)
[INFO] Ep028/120 | Lr 2.71e-04 | TrL 0.812 TrA 0.760 TrF1 0.760 TrFR 0.999966 || VaL 1.821 VaA 0.564 VaF1 0.562 VaFR 0.000000
[INFO] 확인용 feat_dim: 1280
[INFO] Avg erased per sample: 256.0 dims (20.0% of total)
[INFO] Ep029/120 | Lr 2.69e-04 | TrL 0.779 TrA 0.768 TrF1 0.768 TrFR 0.999966 || VaL 1.826 VaA 0.565 VaF1 0.561 VaFR 0.000000
[INFO] 확인용 feat_dim: 1280
[INFO] Avg erased per sample: 256.0 dims (20.0% of total)
[INFO] Ep030/120 | Lr 2.66e-04 | TrL 0.764 TrA 0.775 TrF1 0.774 TrFR 0.999966 || VaL 1.840 VaA 0.564 VaF1 0.561 VaFR 0.000000
[INFO] 확인용 feat_dim: 1280
[INFO] Avg erased per sample: 256.1 dims (20.0% of total)
[INFO] Ep031/120 | Lr 2.64e-04 | TrL 0.729 TrA 0.783 TrF1 0.783 TrFR 0.999966 || VaL 1.863 VaA 0.564 VaF1 0.563 VaFR 0.000000
[INFO] 확인용 feat_dim: 1280
[INFO] Avg erased per sample: 256.1 dims (20.0% of total)
[INFO] Ep032/120 | Lr 2.61e-04 | TrL 0.695 TrA 0.793 TrF1 0.792 TrFR 0.999966 || VaL 1.867 VaA 0.563 VaF1 0.561 VaFR 0.000000
[INFO] 확인용 feat_dim: 1280
[INFO] Avg erased per sample: 256.0 dims (20.0% of total)
[INFO] Ep033/120 | Lr 2.58e-04 | TrL 0.682 TrA 0.794 TrF1 0.794 TrFR 0.999966 || VaL 1.891 VaA 0.568 VaF1 0.566 VaFR 0.000000
[INFO] 확인용 feat_dim: 1280
[INFO] Avg erased per sample: 256.0 dims (20.0% of total)
[INFO] Ep034/120 | Lr 2.55e-04 | TrL 0.658 TrA 0.804 TrF1 0.804 TrFR 0.999966 || VaL 1.902 VaA 0.570 VaF1 0.566 VaFR 0.000000
[INFO] 확인용 feat_dim: 1280
[INFO] Avg erased per sample: 256.0 dims (20.0% of total)
[INFO] Ep035/120 | Lr 2.52e-04 | TrL 0.638 TrA 0.811 TrF1 0.810 TrFR 0.999966 || VaL 1.901 VaA 0.568 VaF1 0.565 VaFR 0.000000
[INFO] 확인용 feat_dim: 1280
[INFO] Avg erased per sample: 256.0 dims (20.0% of total)
[INFO] Ep036/120 | Lr 2.49e-04 | TrL 0.608 TrA 0.821 TrF1 0.821 TrFR 0.999966 || VaL 1.912 VaA 0.570 VaF1 0.568 VaFR 0.000000
[INFO] 확인용 feat_dim: 1280
[INFO] Avg erased per sample: 256.0 dims (20.0% of total)
[INFO] Ep037/120 | Lr 2.46e-04 | TrL 0.594 TrA 0.823 TrF1 0.823 TrFR 0.999966 || VaL 1.932 VaA 0.569 VaF1 0.567 VaFR 0.000000
[INFO] 확인용 feat_dim: 1280
[INFO] Avg erased per sample: 256.0 dims (20.0% of total)
[INFO] Ep038/120 | Lr 2.43e-04 | TrL 0.571 TrA 0.830 TrF1 0.830 TrFR 0.999966 || VaL 1.966 VaA 0.566 VaF1 0.564 VaFR 0.000000
[INFO] 확인용 feat_dim: 1280
[INFO] Avg erased per sample: 256.0 dims (20.0% of total)
[INFO] Ep039/120 | Lr 2.40e-04 | TrL 0.565 TrA 0.831 TrF1 0.831 TrFR 0.999967 || VaL 1.965 VaA 0.568 VaF1 0.564 VaFR 0.000000
[INFO] 확인용 feat_dim: 1280
[INFO] Avg erased per sample: 255.9 dims (20.0% of total)
[INFO] Ep040/120 | Lr 2.37e-04 | TrL 0.542 TrA 0.839 TrF1 0.839 TrFR 0.999967 || VaL 1.959 VaA 0.571 VaF1 0.569 VaFR 0.000000
[INFO] 확인용 feat_dim: 1280
[INFO] Avg erased per sample: 256.0 dims (20.0% of total)
[INFO] Ep041/120 | Lr 2.33e-04 | TrL 0.530 TrA 0.843 TrF1 0.843 TrFR 0.999967 || VaL 2.012 VaA 0.567 VaF1 0.563 VaFR 0.000000
[INFO] 확인용 feat_dim: 1280
[INFO] Avg erased per sample: 256.0 dims (20.0% of total)
[INFO] Ep042/120 | Lr 2.30e-04 | TrL 0.527 TrA 0.843 TrF1 0.843 TrFR 0.999967 || VaL 1.977 VaA 0.568 VaF1 0.565 VaFR 0.000000
[INFO] 확인용 feat_dim: 1280
[INFO] Avg erased per sample: 256.0 dims (20.0% of total)
[INFO] Ep043/120 | Lr 2.26e-04 | TrL 0.505 TrA 0.851 TrF1 0.851 TrFR 0.999967 || VaL 2.021 VaA 0.570 VaF1 0.568 VaFR 0.000000
[INFO] 확인용 feat_dim: 1280
[INFO] Avg erased per sample: 256.1 dims (20.0% of total)
[INFO] Ep044/120 | Lr 2.23e-04 | TrL 0.496 TrA 0.852 TrF1 0.852 TrFR 0.999967 || VaL 1.995 VaA 0.569 VaF1 0.566 VaFR 0.000000
[INFO] 확인용 feat_dim: 1280
[INFO] Avg erased per sample: 256.0 dims (20.0% of total)
[INFO] Ep045/120 | Lr 2.19e-04 | TrL 0.476 TrA 0.859 TrF1 0.859 TrFR 0.999967 || VaL 2.044 VaA 0.566 VaF1 0.563 VaFR 0.000000
[INFO] 확인용 feat_dim: 1280
[INFO] Avg erased per sample: 255.9 dims (20.0% of total)
[INFO] Ep046/120 | Lr 2.15e-04 | TrL 0.459 TrA 0.864 TrF1 0.864 TrFR 0.999967 || VaL 2.027 VaA 0.572 VaF1 0.570 VaFR 0.000000
[INFO] 확인용 feat_dim: 1280
[INFO] Avg erased per sample: 256.1 dims (20.0% of total)
[INFO] Ep047/120 | Lr 2.12e-04 | TrL 0.457 TrA 0.864 TrF1 0.864 TrFR 0.999967 || VaL 2.037 VaA 0.569 VaF1 0.566 VaFR 0.000000
[INFO] 확인용 feat_dim: 1280
[INFO] Avg erased per sample: 256.0 dims (20.0% of total)
[INFO] Ep048/120 | Lr 2.08e-04 | TrL 0.439 TrA 0.872 TrF1 0.872 TrFR 0.999967 || VaL 2.047 VaA 0.573 VaF1 0.569 VaFR 0.000000
[INFO] 확인용 feat_dim: 1280
[INFO] Avg erased per sample: 256.0 dims (20.0% of total)
[INFO] Ep049/120 | Lr 2.04e-04 | TrL 0.430 TrA 0.875 TrF1 0.875 TrFR 0.999967 || VaL 2.080 VaA 0.570 VaF1 0.566 VaFR 0.000000
[INFO] 확인용 feat_dim: 1280
[INFO] Avg erased per sample: 255.9 dims (20.0% of total)
[INFO] Ep050/120 | Lr 2.00e-04 | TrL 0.432 TrA 0.872 TrF1 0.872 TrFR 0.999967 || VaL 2.079 VaA 0.567 VaF1 0.564 VaFR 0.000000
[INFO] 확인용 feat_dim: 1280
[INFO] Avg erased per sample: 256.0 dims (20.0% of total)
[INFO] Ep051/120 | Lr 1.96e-04 | TrL 0.416 TrA 0.877 TrF1 0.877 TrFR 0.999967 || VaL 2.115 VaA 0.565 VaF1 0.561 VaFR 0.000000
[INFO] 확인용 feat_dim: 1280
[INFO] Avg erased per sample: 256.0 dims (20.0% of total)
[INFO] Ep052/120 | Lr 1.92e-04 | TrL 0.402 TrA 0.881 TrF1 0.881 TrFR 0.999967 || VaL 2.080 VaA 0.573 VaF1 0.569 VaFR 0.000000
[INFO] 확인용 feat_dim: 1280
[INFO] Avg erased per sample: 256.0 dims (20.0% of total)
[INFO] Ep053/120 | Lr 1.88e-04 | TrL 0.387 TrA 0.884 TrF1 0.884 TrFR 0.999967 || VaL 2.117 VaA 0.572 VaF1 0.569 VaFR 0.000000
[INFO] 확인용 feat_dim: 1280
[INFO] Avg erased per sample: 255.9 dims (20.0% of total)
[INFO] Ep054/120 | Lr 1.85e-04 | TrL 0.390 TrA 0.886 TrF1 0.886 TrFR 0.999967 || VaL 2.114 VaA 0.569 VaF1 0.565 VaFR 0.000000
[INFO] 확인용 feat_dim: 1280
[INFO] Avg erased per sample: 255.9 dims (20.0% of total)
[INFO] Ep055/120 | Lr 1.81e-04 | TrL 0.373 TrA 0.891 TrF1 0.891 TrFR 0.999967 || VaL 2.112 VaA 0.572 VaF1 0.569 VaFR 0.000000
[INFO] 확인용 feat_dim: 1280
[INFO] Avg erased per sample: 256.1 dims (20.0% of total)
[INFO] Ep056/120 | Lr 1.76e-04 | TrL 0.373 TrA 0.892 TrF1 0.892 TrFR 0.999967 || VaL 2.122 VaA 0.569 VaF1 0.567 VaFR 0.000000
[INFO] 확인용 feat_dim: 1280
[INFO] Avg erased per sample: 256.0 dims (20.0% of total)
[INFO] Ep057/120 | Lr 1.72e-04 | TrL 0.372 TrA 0.889 TrF1 0.889 TrFR 0.999967 || VaL 2.136 VaA 0.566 VaF1 0.563 VaFR 0.000000
[INFO] 확인용 feat_dim: 1280
[INFO] Avg erased per sample: 255.9 dims (20.0% of total)
[INFO] Ep058/120 | Lr 1.68e-04 | TrL 0.358 TrA 0.894 TrF1 0.894 TrFR 0.999967 || VaL 2.149 VaA 0.566 VaF1 0.563 VaFR 0.000000
[INFO] 확인용 feat_dim: 1280
[INFO] Avg erased per sample: 256.1 dims (20.0% of total)
[INFO] Ep059/120 | Lr 1.64e-04 | TrL 0.350 TrA 0.899 TrF1 0.899 TrFR 0.999967 || VaL 2.130 VaA 0.570 VaF1 0.567 VaFR 0.000000
[INFO] 확인용 feat_dim: 1280
[INFO] Avg erased per sample: 256.2 dims (20.0% of total)
[INFO] Ep060/120 | Lr 1.60e-04 | TrL 0.346 TrA 0.898 TrF1 0.898 TrFR 0.999967 || VaL 2.155 VaA 0.570 VaF1 0.568 VaFR 0.000000
[INFO] 확인용 feat_dim: 1280
[INFO] Avg erased per sample: 256.0 dims (20.0% of total)
[INFO] Ep061/120 | Lr 1.56e-04 | TrL 0.334 TrA 0.903 TrF1 0.903 TrFR 0.999967 || VaL 2.138 VaA 0.574 VaF1 0.571 VaFR 0.000000
[INFO] 확인용 feat_dim: 1280
[INFO] Avg erased per sample: 256.0 dims (20.0% of total)
[INFO] Ep062/120 | Lr 1.52e-04 | TrL 0.322 TrA 0.907 TrF1 0.907 TrFR 0.999967 || VaL 2.150 VaA 0.571 VaF1 0.569 VaFR 0.000000
[INFO] 확인용 feat_dim: 1280
[INFO] Avg erased per sample: 256.0 dims (20.0% of total)
[INFO] Ep063/120 | Lr 1.48e-04 | TrL 0.318 TrA 0.907 TrF1 0.907 TrFR 0.999967 || VaL 2.188 VaA 0.566 VaF1 0.564 VaFR 0.000000
[INFO] 확인용 feat_dim: 1280
[INFO] Avg erased per sample: 256.0 dims (20.0% of total)
[INFO] Ep064/120 | Lr 1.44e-04 | TrL 0.323 TrA 0.906 TrF1 0.906 TrFR 0.999967 || VaL 2.153 VaA 0.570 VaF1 0.568 VaFR 0.000000
[INFO] 확인용 feat_dim: 1280
[INFO] Avg erased per sample: 255.9 dims (20.0% of total)
[INFO] Ep065/120 | Lr 1.40e-04 | TrL 0.304 TrA 0.913 TrF1 0.913 TrFR 0.999967 || VaL 2.172 VaA 0.573 VaF1 0.570 VaFR 0.000000
[INFO] 확인용 feat_dim: 1280
[INFO] Avg erased per sample: 256.0 dims (20.0% of total)
[INFO] Ep066/120 | Lr 1.36e-04 | TrL 0.298 TrA 0.914 TrF1 0.913 TrFR 0.999967 || VaL 2.185 VaA 0.569 VaF1 0.567 VaFR 0.000000
[INFO] 확인용 feat_dim: 1280
[INFO] Avg erased per sample: 256.0 dims (20.0% of total)
[INFO] Ep067/120 | Lr 1.32e-04 | TrL 0.300 TrA 0.912 TrF1 0.912 TrFR 0.999968 || VaL 2.166 VaA 0.573 VaF1 0.570 VaFR 0.000000
[INFO] 확인용 feat_dim: 1280
[INFO] Avg erased per sample: 256.0 dims (20.0% of total)
[INFO] Ep068/120 | Lr 1.28e-04 | TrL 0.302 TrA 0.913 TrF1 0.913 TrFR 0.999968 || VaL 2.195 VaA 0.567 VaF1 0.563 VaFR 0.000000
[INFO] 확인용 feat_dim: 1280
[INFO] Avg erased per sample: 256.0 dims (20.0% of total)
[INFO] Ep069/120 | Lr 1.24e-04 | TrL 0.294 TrA 0.915 TrF1 0.915 TrFR 0.999967 || VaL 2.180 VaA 0.571 VaF1 0.568 VaFR 0.000000
[INFO] 확인용 feat_dim: 1280
[INFO] Avg erased per sample: 256.0 dims (20.0% of total)
[INFO] Ep070/120 | Lr 1.19e-04 | TrL 0.295 TrA 0.915 TrF1 0.915 TrFR 0.999968 || VaL 2.177 VaA 0.572 VaF1 0.569 VaFR 0.000000
[INFO] 확인용 feat_dim: 1280
[INFO] Avg erased per sample: 256.0 dims (20.0% of total)
[INFO] Ep071/120 | Lr 1.15e-04 | TrL 0.277 TrA 0.920 TrF1 0.920 TrFR 0.999968 || VaL 2.192 VaA 0.571 VaF1 0.568 VaFR 0.000000
[INFO] 확인용 feat_dim: 1280
[INFO] Avg erased per sample: 255.9 dims (20.0% of total)
[INFO] Ep072/120 | Lr 1.12e-04 | TrL 0.269 TrA 0.922 TrF1 0.922 TrFR 0.999968 || VaL 2.192 VaA 0.571 VaF1 0.568 VaFR 0.000000
[INFO] 확인용 feat_dim: 1280
[INFO] Avg erased per sample: 256.1 dims (20.0% of total)
[INFO] Ep073/120 | Lr 1.08e-04 | TrL 0.266 TrA 0.923 TrF1 0.923 TrFR 0.999968 || VaL 2.216 VaA 0.569 VaF1 0.565 VaFR 0.000000
[INFO] 확인용 feat_dim: 1280
[INFO] Avg erased per sample: 256.1 dims (20.0% of total)
[INFO] Ep074/120 | Lr 1.04e-04 | TrL 0.263 TrA 0.923 TrF1 0.923 TrFR 0.999968 || VaL 2.233 VaA 0.569 VaF1 0.566 VaFR 0.000000
[INFO] 확인용 feat_dim: 1280
[INFO] Avg erased per sample: 256.0 dims (20.0% of total)
[INFO] Ep075/120 | Lr 9.98e-05 | TrL 0.257 TrA 0.926 TrF1 0.926 TrFR 0.999968 || VaL 2.192 VaA 0.571 VaF1 0.568 VaFR 0.000000
[INFO] 확인용 feat_dim: 1280
[INFO] Avg erased per sample: 255.9 dims (20.0% of total)
[INFO] Ep076/120 | Lr 9.59e-05 | TrL 0.254 TrA 0.928 TrF1 0.928 TrFR 0.999968 || VaL 2.252 VaA 0.569 VaF1 0.565 VaFR 0.000000
[INFO] 확인용 feat_dim: 1280
[INFO] Avg erased per sample: 256.1 dims (20.0% of total)
[INFO] Ep077/120 | Lr 9.21e-05 | TrL 0.250 TrA 0.927 TrF1 0.927 TrFR 0.999968 || VaL 2.218 VaA 0.573 VaF1 0.569 VaFR 0.000000
[INFO] 확인용 feat_dim: 1280
[INFO] Avg erased per sample: 256.1 dims (20.0% of total)
[INFO] Ep078/120 | Lr 8.84e-05 | TrL 0.243 TrA 0.929 TrF1 0.929 TrFR 0.999968 || VaL 2.192 VaA 0.571 VaF1 0.567 VaFR 0.000000
[INFO] 확인용 feat_dim: 1280
[INFO] Avg erased per sample: 255.9 dims (20.0% of total)
[INFO] Ep079/120 | Lr 8.47e-05 | TrL 0.243 TrA 0.930 TrF1 0.930 TrFR 0.999968 || VaL 2.213 VaA 0.572 VaF1 0.569 VaFR 0.000000
[INFO] 확인용 feat_dim: 1280
[INFO] Avg erased per sample: 256.0 dims (20.0% of total)
[INFO] Ep080/120 | Lr 8.10e-05 | TrL 0.238 TrA 0.932 TrF1 0.932 TrFR 0.999968 || VaL 2.207 VaA 0.574 VaF1 0.570 VaFR 0.000000
[INFO] 확인용 feat_dim: 1280
[INFO] Avg erased per sample: 256.0 dims (20.0% of total)
[INFO] Ep081/120 | Lr 7.74e-05 | TrL 0.238 TrA 0.931 TrF1 0.931 TrFR 0.999968 || VaL 2.207 VaA 0.573 VaF1 0.570 VaFR 0.000000
[INFO] 확인용 feat_dim: 1280
[INFO] Avg erased per sample: 256.0 dims (20.0% of total)
[INFO] Ep082/120 | Lr 7.38e-05 | TrL 0.236 TrA 0.933 TrF1 0.933 TrFR 0.999968 || VaL 2.214 VaA 0.574 VaF1 0.570 VaFR 0.000000
[INFO] 확인용 feat_dim: 1280
[INFO] Avg erased per sample: 256.2 dims (20.0% of total)
[INFO] Ep083/120 | Lr 7.03e-05 | TrL 0.225 TrA 0.935 TrF1 0.935 TrFR 0.999968 || VaL 2.199 VaA 0.576 VaF1 0.573 VaFR 0.000000
[INFO] 확인용 feat_dim: 1280
[INFO] Avg erased per sample: 256.0 dims (20.0% of total)
[INFO] Ep084/120 | Lr 6.69e-05 | TrL 0.223 TrA 0.935 TrF1 0.935 TrFR 0.999968 || VaL 2.211 VaA 0.570 VaF1 0.567 VaFR 0.000000
[INFO] 확인용 feat_dim: 1280
[INFO] Avg erased per sample: 256.0 dims (20.0% of total)
[INFO] Ep085/120 | Lr 6.35e-05 | TrL 0.219 TrA 0.937 TrF1 0.937 TrFR 0.999968 || VaL 2.228 VaA 0.575 VaF1 0.571 VaFR 0.000000
[INFO] 확인용 feat_dim: 1280
[INFO] Avg erased per sample: 256.0 dims (20.0% of total)
[INFO] Ep086/120 | Lr 6.02e-05 | TrL 0.221 TrA 0.936 TrF1 0.936 TrFR 0.999968 || VaL 2.199 VaA 0.577 VaF1 0.573 VaFR 0.000000
[INFO] 확인용 feat_dim: 1280
[INFO] Avg erased per sample: 256.0 dims (20.0% of total)
[INFO] Ep087/120 | Lr 5.69e-05 | TrL 0.221 TrA 0.936 TrF1 0.936 TrFR 0.999968 || VaL 2.219 VaA 0.578 VaF1 0.575 VaFR 0.000000
[INFO] 확인용 feat_dim: 1280
[INFO] Avg erased per sample: 256.1 dims (20.0% of total)
[INFO] Ep088/120 | Lr 5.38e-05 | TrL 0.212 TrA 0.937 TrF1 0.937 TrFR 0.999968 || VaL 2.219 VaA 0.578 VaF1 0.574 VaFR 0.000000
[INFO] 확인용 feat_dim: 1280
[INFO] Avg erased per sample: 256.0 dims (20.0% of total)
[INFO] Ep089/120 | Lr 5.06e-05 | TrL 0.208 TrA 0.940 TrF1 0.940 TrFR 0.999968 || VaL 2.216 VaA 0.579 VaF1 0.575 VaFR 0.000000
[INFO] 확인용 feat_dim: 1280
[INFO] Avg erased per sample: 256.0 dims (20.0% of total)
[INFO] Ep090/120 | Lr 4.76e-05 | TrL 0.207 TrA 0.941 TrF1 0.941 TrFR 0.999968 || VaL 2.239 VaA 0.574 VaF1 0.571 VaFR 0.000000
[INFO] 확인용 feat_dim: 1280
[INFO] Avg erased per sample: 255.9 dims (20.0% of total)
[INFO] Ep091/120 | Lr 4.47e-05 | TrL 0.212 TrA 0.939 TrF1 0.939 TrFR 0.999968 || VaL 2.222 VaA 0.578 VaF1 0.574 VaFR 0.000000
[INFO] 확인용 feat_dim: 1280
[INFO] Avg erased per sample: 255.9 dims (20.0% of total)
[INFO] Ep092/120 | Lr 4.18e-05 | TrL 0.204 TrA 0.942 TrF1 0.942 TrFR 0.999968 || VaL 2.213 VaA 0.579 VaF1 0.575 VaFR 0.000000
[INFO] 확인용 feat_dim: 1280
[INFO] Avg erased per sample: 256.2 dims (20.0% of total)
[INFO] Ep093/120 | Lr 3.90e-05 | TrL 0.201 TrA 0.943 TrF1 0.943 TrFR 0.999968 || VaL 2.216 VaA 0.577 VaF1 0.574 VaFR 0.000000
[INFO] 확인용 feat_dim: 1280
[INFO] Avg erased per sample: 256.0 dims (20.0% of total)
[INFO] Ep094/120 | Lr 3.63e-05 | TrL 0.199 TrA 0.944 TrF1 0.944 TrFR 0.999968 || VaL 2.218 VaA 0.575 VaF1 0.572 VaFR 0.000000
[INFO] 확인용 feat_dim: 1280
[INFO] Avg erased per sample: 255.9 dims (20.0% of total)
[INFO] Ep095/120 | Lr 3.36e-05 | TrL 0.196 TrA 0.945 TrF1 0.945 TrFR 0.999968 || VaL 2.210 VaA 0.576 VaF1 0.573 VaFR 0.000000
[INFO] 확인용 feat_dim: 1280
[INFO] Avg erased per sample: 256.2 dims (20.0% of total)
[INFO] Ep096/120 | Lr 3.11e-05 | TrL 0.190 TrA 0.947 TrF1 0.947 TrFR 0.999968 || VaL 2.217 VaA 0.578 VaF1 0.575 VaFR 0.000000
[INFO] 확인용 feat_dim: 1280
[INFO] Avg erased per sample: 256.0 dims (20.0% of total)
[INFO] Ep097/120 | Lr 2.86e-05 | TrL 0.189 TrA 0.946 TrF1 0.946 TrFR 0.999968 || VaL 2.215 VaA 0.579 VaF1 0.575 VaFR 0.000000
[INFO] 확인용 feat_dim: 1280
[INFO] Avg erased per sample: 256.1 dims (20.0% of total)
[INFO] Ep098/120 | Lr 2.63e-05 | TrL 0.188 TrA 0.947 TrF1 0.947 TrFR 0.999968 || VaL 2.217 VaA 0.581 VaF1 0.577 VaFR 0.000000
[INFO] 확인용 feat_dim: 1280
[INFO] Avg erased per sample: 255.9 dims (20.0% of total)
[INFO] Ep099/120 | Lr 2.40e-05 | TrL 0.190 TrA 0.946 TrF1 0.946 TrFR 0.999968 || VaL 2.212 VaA 0.579 VaF1 0.575 VaFR 0.000000
[INFO] 확인용 feat_dim: 1280
[INFO] Avg erased per sample: 255.9 dims (20.0% of total)
[INFO] Ep100/120 | Lr 2.18e-05 | TrL 0.189 TrA 0.947 TrF1 0.947 TrFR 0.999968 || VaL 2.224 VaA 0.580 VaF1 0.576 VaFR 0.000000
[INFO] 확인용 feat_dim: 1280
[INFO] Avg erased per sample: 256.0 dims (20.0% of total)
[INFO] Ep101/120 | Lr 1.98e-05 | TrL 0.189 TrA 0.946 TrF1 0.946 TrFR 0.999968 || VaL 2.211 VaA 0.581 VaF1 0.576 VaFR 0.000000
[INFO] 확인용 feat_dim: 1280
[INFO] Avg erased per sample: 256.0 dims (20.0% of total)
[INFO] Ep102/120 | Lr 1.78e-05 | TrL 0.180 TrA 0.949 TrF1 0.949 TrFR 0.999968 || VaL 2.212 VaA 0.579 VaF1 0.575 VaFR 0.000000
[INFO] 확인용 feat_dim: 1280
[INFO] Avg erased per sample: 256.0 dims (20.0% of total)
[INFO] Ep103/120 | Lr 1.59e-05 | TrL 0.181 TrA 0.948 TrF1 0.948 TrFR 0.999968 || VaL 2.208 VaA 0.576 VaF1 0.572 VaFR 0.000000
[INFO] 확인용 feat_dim: 1280
[INFO] Avg erased per sample: 255.9 dims (20.0% of total)
[INFO] Ep104/120 | Lr 1.41e-05 | TrL 0.183 TrA 0.948 TrF1 0.948 TrFR 0.999968 || VaL 2.206 VaA 0.580 VaF1 0.576 VaFR 0.000000
[INFO] 확인용 feat_dim: 1280
[INFO] Avg erased per sample: 255.9 dims (20.0% of total)
[INFO] Ep105/120 | Lr 1.24e-05 | TrL 0.179 TrA 0.948 TrF1 0.948 TrFR 0.999968 || VaL 2.198 VaA 0.579 VaF1 0.574 VaFR 0.000000
[INFO] 확인용 feat_dim: 1280
[INFO] Avg erased per sample: 255.8 dims (20.0% of total)
[INFO] Ep106/120 | Lr 1.08e-05 | TrL 0.182 TrA 0.948 TrF1 0.948 TrFR 0.999968 || VaL 2.209 VaA 0.579 VaF1 0.575 VaFR 0.000000
[INFO] 확인용 feat_dim: 1280
[INFO] Avg erased per sample: 256.1 dims (20.0% of total)
[INFO] Ep107/120 | Lr 9.36e-06 | TrL 0.174 TrA 0.951 TrF1 0.951 TrFR 0.999968 || VaL 2.194 VaA 0.583 VaF1 0.579 VaFR 0.000000
[INFO] 확인용 feat_dim: 1280
[INFO] Avg erased per sample: 256.0 dims (20.0% of total)
[INFO] Ep108/120 | Lr 7.99e-06 | TrL 0.179 TrA 0.949 TrF1 0.949 TrFR 0.999968 || VaL 2.203 VaA 0.580 VaF1 0.576 VaFR 0.000000
[INFO] 확인용 feat_dim: 1280
[INFO] Avg erased per sample: 256.0 dims (20.0% of total)
[INFO] Ep109/120 | Lr 6.72e-06 | TrL 0.176 TrA 0.950 TrF1 0.950 TrFR 0.999968 || VaL 2.218 VaA 0.580 VaF1 0.577 VaFR 0.000000
[INFO] 확인용 feat_dim: 1280
[INFO] Avg erased per sample: 255.9 dims (20.0% of total)
[INFO] Ep110/120 | Lr 5.56e-06 | TrL 0.175 TrA 0.951 TrF1 0.951 TrFR 0.999968 || VaL 2.189 VaA 0.583 VaF1 0.580 VaFR 0.000000
[INFO] 확인용 feat_dim: 1280
[INFO] Avg erased per sample: 256.0 dims (20.0% of total)
[INFO] Ep111/120 | Lr 4.51e-06 | TrL 0.177 TrA 0.950 TrF1 0.950 TrFR 0.999968 || VaL 2.193 VaA 0.580 VaF1 0.576 VaFR 0.000000
[INFO] 확인용 feat_dim: 1280
[INFO] Avg erased per sample: 256.0 dims (20.0% of total)
[INFO] Ep112/120 | Lr 3.57e-06 | TrL 0.176 TrA 0.950 TrF1 0.950 TrFR 0.999968 || VaL 2.217 VaA 0.579 VaF1 0.576 VaFR 0.000000
[INFO] 확인용 feat_dim: 1280
[INFO] Avg erased per sample: 256.0 dims (20.0% of total)
[INFO] Ep113/120 | Lr 2.73e-06 | TrL 0.176 TrA 0.950 TrF1 0.950 TrFR 0.999968 || VaL 2.214 VaA 0.580 VaF1 0.575 VaFR 0.000000
[INFO] 확인용 feat_dim: 1280
[INFO] Avg erased per sample: 256.0 dims (20.0% of total)
[INFO] Ep114/120 | Lr 2.01e-06 | TrL 0.180 TrA 0.949 TrF1 0.949 TrFR 0.999968 || VaL 2.200 VaA 0.580 VaF1 0.576 VaFR 0.000000
[INFO] 확인용 feat_dim: 1280
[INFO] Avg erased per sample: 255.9 dims (20.0% of total)
[INFO] Ep115/120 | Lr 1.40e-06 | TrL 0.173 TrA 0.950 TrF1 0.950 TrFR 0.999968 || VaL 2.213 VaA 0.579 VaF1 0.575 VaFR 0.000000
[INFO] 확인용 feat_dim: 1280
[INFO] Avg erased per sample: 256.1 dims (20.0% of total)
[INFO] Ep116/120 | Lr 8.95e-07 | TrL 0.175 TrA 0.951 TrF1 0.951 TrFR 0.999968 || VaL 2.208 VaA 0.581 VaF1 0.577 VaFR 0.000000
[INFO] 확인용 feat_dim: 1280
[INFO] Avg erased per sample: 255.9 dims (20.0% of total)
[INFO] Ep117/120 | Lr 5.03e-07 | TrL 0.176 TrA 0.950 TrF1 0.950 TrFR 0.999968 || VaL 2.210 VaA 0.579 VaF1 0.576 VaFR 0.000000
[INFO] 확인용 feat_dim: 1280
[INFO] Avg erased per sample: 256.0 dims (20.0% of total)
[INFO] Ep118/120 | Lr 2.24e-07 | TrL 0.177 TrA 0.949 TrF1 0.949 TrFR 0.999968 || VaL 2.195 VaA 0.579 VaF1 0.576 VaFR 0.000000
[INFO] 확인용 feat_dim: 1280
[INFO] Avg erased per sample: 256.0 dims (20.0% of total)
[INFO] Ep119/120 | Lr 5.60e-08 | TrL 0.170 TrA 0.952 TrF1 0.952 TrFR 0.999968 || VaL 2.197 VaA 0.579 VaF1 0.575 VaFR 0.000000
[INFO] 확인용 feat_dim: 1280
[INFO] Avg erased per sample: 255.9 dims (20.0% of total)
[INFO] Ep120/120 | Lr 0.00e+00 | TrL 0.175 TrA 0.950 TrF1 0.950 TrFR 0.999968 || VaL 2.197 VaA 0.582 VaF1 0.578 VaFR 0.000000
[INFO] 학습 곡선 저장 완료 → results\curves\efficientnet_b0_datasetcifar100_dp0.2_noise0.05_seed42_epochs120_w5_curve.csv
[INFO] 모델 체크포인트 저장 완료 → results\checkpoints\efficientnet_b0_cifar100_dp0.2_noise0.05_seed42.pth
[INFO] [Eval] Erasure 0.00 | Acc 0.582 F1 0.578 FR 0.000000 Loss 2.197
[INFO] [Eval] Erasure 0.20 | Acc 0.582 F1 0.578 FR 0.999968 Loss 2.634
[INFO] [Eval] Erasure 0.40 | Acc 0.582 F1 0.578 FR 0.999969 Loss 3.073
[INFO] =============== 종료: 백본=efficientnet_b0, 데이터셋=cifar100, DP=0.2, Noise=0.05, Seed=42, Warmup=5 ===============

[INFO] 모든 실험 요약 결과 저장 완료 → results\lr_tune_efficientnet_b0_lr3e4_fixedA.csv
