[INFO] Received CLI args: Namespace(dataset='cifar10', data_root=WindowsPath('data'), backbones=['resnet50'], redundancy=0.5, learnable_A=True, no_nncl=False, dropout_rates=[0.2], noise_stds=[0.05], erasure_rates=[0.0, 0.2, 0.4], epochs=120, batch=128, warmup_epochs=5, aux_rec_loss=True, lambda_rec=1.0, num_workers=8, seed=42, deterministic=False, device='cuda', csv_out=WindowsPath('results/redundancy_tune_r50_k025.csv'), use_masked_var=True, lr=0.0001)
[INFO] Running with backbone=resnet50, dp=0.2, noise=0.05, erasure_rates=[0.0, 0.2, 0.4]
[INFO] 
=============== 시작: 백본=resnet50, 데이터셋=cifar10, DP=0.2, Noise=0.05, Seed=42, Warmup=5 ===============
[INFO] [Opt] AdamW lr=1.0000e-04, 스케줄러: 5 에폭 선형 워밍업 후 코사인 감쇠 (전체 120 에폭)
[INFO] 확인용 feat_dim: 2048
[INFO] Avg erased per sample: 409.4 dims (20.0% of total)
[INFO] Ep001/120 | Lr 4.00e-05 | TrL 2.272 TrA 0.150 TrF1 0.149 TrFR 0.966692 || VaL 2.158 VaA 0.236 VaF1 0.230 VaFR 0.000000
[INFO] 확인용 feat_dim: 2048
[INFO] Avg erased per sample: 409.5 dims (20.0% of total)
[INFO] Ep002/120 | Lr 6.00e-05 | TrL 1.775 TrA 0.379 TrF1 0.377 TrFR 0.980105 || VaL 1.233 VaA 0.571 VaF1 0.569 VaFR 0.000000
[INFO] 확인용 feat_dim: 2048
[INFO] Avg erased per sample: 409.7 dims (20.0% of total)
[INFO] Ep003/120 | Lr 8.00e-05 | TrL 1.183 TrA 0.585 TrF1 0.586 TrFR 0.998241 || VaL 0.853 VaA 0.708 VaF1 0.707 VaFR 0.000000
[INFO] 확인용 feat_dim: 2048
[INFO] Avg erased per sample: 409.6 dims (20.0% of total)
[INFO] Ep004/120 | Lr 1.00e-04 | TrL 0.940 TrA 0.675 TrF1 0.675 TrFR 0.999841 || VaL 0.681 VaA 0.761 VaF1 0.760 VaFR 0.000000
[INFO] 확인용 feat_dim: 2048
[INFO] Avg erased per sample: 409.6 dims (20.0% of total)
[INFO] Ep005/120 | Lr 1.00e-04 | TrL 0.815 TrA 0.719 TrF1 0.719 TrFR 0.999927 || VaL 0.592 VaA 0.793 VaF1 0.793 VaFR 0.000000
[INFO] 확인용 feat_dim: 2048
[INFO] Avg erased per sample: 409.7 dims (20.0% of total)
[INFO] Ep006/120 | Lr 1.00e-04 | TrL 0.731 TrA 0.744 TrF1 0.744 TrFR 0.999964 || VaL 0.536 VaA 0.813 VaF1 0.813 VaFR 0.000000
[INFO] 확인용 feat_dim: 2048
[INFO] Avg erased per sample: 409.6 dims (20.0% of total)
[INFO] Ep007/120 | Lr 9.99e-05 | TrL 0.661 TrA 0.770 TrF1 0.770 TrFR 0.999964 || VaL 0.494 VaA 0.832 VaF1 0.831 VaFR 0.000000
[INFO] 확인용 feat_dim: 2048
[INFO] Avg erased per sample: 409.8 dims (20.0% of total)
[INFO] Ep008/120 | Lr 9.98e-05 | TrL 0.609 TrA 0.787 TrF1 0.787 TrFR 0.999965 || VaL 0.467 VaA 0.837 VaF1 0.837 VaFR 0.000000
[INFO] 확인용 feat_dim: 2048
[INFO] Avg erased per sample: 409.6 dims (20.0% of total)
[INFO] Ep009/120 | Lr 9.97e-05 | TrL 0.576 TrA 0.800 TrF1 0.799 TrFR 0.999965 || VaL 0.450 VaA 0.845 VaF1 0.845 VaFR 0.000000
[INFO] 확인용 feat_dim: 2048
[INFO] Avg erased per sample: 409.7 dims (20.0% of total)
[INFO] Ep010/120 | Lr 9.95e-05 | TrL 0.539 TrA 0.812 TrF1 0.812 TrFR 0.999965 || VaL 0.432 VaA 0.850 VaF1 0.850 VaFR 0.000000
[INFO] 확인용 feat_dim: 2048
[INFO] Avg erased per sample: 409.6 dims (20.0% of total)
[INFO] Ep011/120 | Lr 9.93e-05 | TrL 0.515 TrA 0.821 TrF1 0.821 TrFR 0.999965 || VaL 0.421 VaA 0.856 VaF1 0.856 VaFR 0.000000
[INFO] 확인용 feat_dim: 2048
[INFO] Avg erased per sample: 409.6 dims (20.0% of total)
[INFO] Ep012/120 | Lr 9.91e-05 | TrL 0.487 TrA 0.831 TrF1 0.831 TrFR 0.999966 || VaL 0.413 VaA 0.859 VaF1 0.859 VaFR 0.000000
[INFO] 확인용 feat_dim: 2048
[INFO] Avg erased per sample: 409.6 dims (20.0% of total)
[INFO] Ep013/120 | Lr 9.88e-05 | TrL 0.461 TrA 0.838 TrF1 0.838 TrFR 0.999966 || VaL 0.402 VaA 0.864 VaF1 0.864 VaFR 0.000000
[INFO] 확인용 feat_dim: 2048
[INFO] Avg erased per sample: 409.6 dims (20.0% of total)
[INFO] Ep014/120 | Lr 9.85e-05 | TrL 0.446 TrA 0.844 TrF1 0.843 TrFR 0.999966 || VaL 0.405 VaA 0.864 VaF1 0.864 VaFR 0.000000
[INFO] 확인용 feat_dim: 2048
[INFO] Avg erased per sample: 409.7 dims (20.0% of total)
[INFO] Ep015/120 | Lr 9.81e-05 | TrL 0.432 TrA 0.848 TrF1 0.848 TrFR 0.999965 || VaL 0.395 VaA 0.868 VaF1 0.867 VaFR 0.000000
[INFO] 확인용 feat_dim: 2048
[INFO] Avg erased per sample: 409.6 dims (20.0% of total)
[INFO] Ep016/120 | Lr 9.78e-05 | TrL 0.412 TrA 0.855 TrF1 0.855 TrFR 0.999966 || VaL 0.390 VaA 0.868 VaF1 0.869 VaFR 0.000000
[INFO] 확인용 feat_dim: 2048
[INFO] Avg erased per sample: 409.6 dims (20.0% of total)
[INFO] Ep017/120 | Lr 9.73e-05 | TrL 0.394 TrA 0.859 TrF1 0.859 TrFR 0.999966 || VaL 0.390 VaA 0.869 VaF1 0.869 VaFR 0.000000
[INFO] 확인용 feat_dim: 2048
[INFO] Avg erased per sample: 409.5 dims (20.0% of total)
[INFO] Ep018/120 | Lr 9.69e-05 | TrL 0.374 TrA 0.868 TrF1 0.868 TrFR 0.999966 || VaL 0.386 VaA 0.873 VaF1 0.872 VaFR 0.000000
[INFO] 확인용 feat_dim: 2048
[INFO] Avg erased per sample: 409.6 dims (20.0% of total)
[INFO] Ep019/120 | Lr 9.64e-05 | TrL 0.362 TrA 0.873 TrF1 0.873 TrFR 0.999966 || VaL 0.394 VaA 0.870 VaF1 0.870 VaFR 0.000000
[INFO] 확인용 feat_dim: 2048
[INFO] Avg erased per sample: 409.5 dims (20.0% of total)
[INFO] Ep020/120 | Lr 9.59e-05 | TrL 0.353 TrA 0.876 TrF1 0.876 TrFR 0.999966 || VaL 0.384 VaA 0.872 VaF1 0.872 VaFR 0.000000
[INFO] 확인용 feat_dim: 2048
[INFO] Avg erased per sample: 409.6 dims (20.0% of total)
[INFO] Ep021/120 | Lr 9.53e-05 | TrL 0.332 TrA 0.885 TrF1 0.885 TrFR 0.999966 || VaL 0.387 VaA 0.876 VaF1 0.876 VaFR 0.000000
[INFO] 확인용 feat_dim: 2048
[INFO] Avg erased per sample: 409.7 dims (20.0% of total)
[INFO] Ep022/120 | Lr 9.47e-05 | TrL 0.326 TrA 0.886 TrF1 0.886 TrFR 0.999967 || VaL 0.384 VaA 0.874 VaF1 0.874 VaFR 0.000000
[INFO] 확인용 feat_dim: 2048
[INFO] Avg erased per sample: 409.5 dims (20.0% of total)
[INFO] Ep023/120 | Lr 9.41e-05 | TrL 0.315 TrA 0.890 TrF1 0.890 TrFR 0.999966 || VaL 0.379 VaA 0.875 VaF1 0.875 VaFR 0.000000
[INFO] 확인용 feat_dim: 2048
[INFO] Avg erased per sample: 409.5 dims (20.0% of total)
[INFO] Ep024/120 | Lr 9.34e-05 | TrL 0.305 TrA 0.892 TrF1 0.892 TrFR 0.999966 || VaL 0.393 VaA 0.875 VaF1 0.875 VaFR 0.000000
[INFO] 확인용 feat_dim: 2048
[INFO] Avg erased per sample: 409.7 dims (20.0% of total)
[INFO] Ep025/120 | Lr 9.27e-05 | TrL 0.294 TrA 0.897 TrF1 0.897 TrFR 0.999966 || VaL 0.391 VaA 0.877 VaF1 0.878 VaFR 0.000000
[INFO] 확인용 feat_dim: 2048
[INFO] Avg erased per sample: 409.6 dims (20.0% of total)
[INFO] Ep026/120 | Lr 9.20e-05 | TrL 0.284 TrA 0.901 TrF1 0.901 TrFR 0.999967 || VaL 0.391 VaA 0.876 VaF1 0.876 VaFR 0.000000
[INFO] 확인용 feat_dim: 2048
[INFO] Avg erased per sample: 409.7 dims (20.0% of total)
[INFO] Ep027/120 | Lr 9.12e-05 | TrL 0.275 TrA 0.903 TrF1 0.903 TrFR 0.999966 || VaL 0.409 VaA 0.878 VaF1 0.877 VaFR 0.000000
[INFO] 확인용 feat_dim: 2048
[INFO] Avg erased per sample: 409.7 dims (20.0% of total)
[INFO] Ep028/120 | Lr 9.05e-05 | TrL 0.267 TrA 0.908 TrF1 0.908 TrFR 0.999967 || VaL 0.393 VaA 0.877 VaF1 0.876 VaFR 0.000000
[INFO] 확인용 feat_dim: 2048
[INFO] Avg erased per sample: 409.6 dims (20.0% of total)
[INFO] Ep029/120 | Lr 8.96e-05 | TrL 0.262 TrA 0.908 TrF1 0.908 TrFR 0.999967 || VaL 0.398 VaA 0.877 VaF1 0.877 VaFR 0.000000
[INFO] 확인용 feat_dim: 2048
[INFO] Avg erased per sample: 409.7 dims (20.0% of total)
[INFO] Ep030/120 | Lr 8.88e-05 | TrL 0.252 TrA 0.914 TrF1 0.914 TrFR 0.999966 || VaL 0.400 VaA 0.875 VaF1 0.875 VaFR 0.000000
[INFO] 확인용 feat_dim: 2048
[INFO] Avg erased per sample: 409.6 dims (20.0% of total)
[INFO] Ep031/120 | Lr 8.79e-05 | TrL 0.242 TrA 0.915 TrF1 0.915 TrFR 0.999967 || VaL 0.397 VaA 0.877 VaF1 0.877 VaFR 0.000000
[INFO] 확인용 feat_dim: 2048
[INFO] Avg erased per sample: 409.6 dims (20.0% of total)
[INFO] Ep032/120 | Lr 8.70e-05 | TrL 0.236 TrA 0.918 TrF1 0.918 TrFR 0.999966 || VaL 0.399 VaA 0.879 VaF1 0.879 VaFR 0.000000
[INFO] 확인용 feat_dim: 2048
[INFO] Avg erased per sample: 409.5 dims (20.0% of total)
[INFO] Ep033/120 | Lr 8.61e-05 | TrL 0.229 TrA 0.920 TrF1 0.920 TrFR 0.999967 || VaL 0.407 VaA 0.879 VaF1 0.879 VaFR 0.000000
[INFO] 확인용 feat_dim: 2048
[INFO] Avg erased per sample: 409.6 dims (20.0% of total)
[INFO] Ep034/120 | Lr 8.51e-05 | TrL 0.222 TrA 0.923 TrF1 0.923 TrFR 0.999967 || VaL 0.405 VaA 0.879 VaF1 0.879 VaFR 0.000000
[INFO] 확인용 feat_dim: 2048
[INFO] Avg erased per sample: 409.5 dims (20.0% of total)
[INFO] Ep035/120 | Lr 8.41e-05 | TrL 0.221 TrA 0.922 TrF1 0.922 TrFR 0.999965 || VaL 0.393 VaA 0.879 VaF1 0.879 VaFR 0.000000
[INFO] 확인용 feat_dim: 2048
[INFO] Avg erased per sample: 409.5 dims (20.0% of total)
[INFO] Ep036/120 | Lr 8.31e-05 | TrL 0.206 TrA 0.928 TrF1 0.928 TrFR 0.999967 || VaL 0.405 VaA 0.882 VaF1 0.882 VaFR 0.000000
[INFO] 확인용 feat_dim: 2048
[INFO] Avg erased per sample: 409.5 dims (20.0% of total)
[INFO] Ep037/120 | Lr 8.21e-05 | TrL 0.202 TrA 0.929 TrF1 0.929 TrFR 0.999967 || VaL 0.414 VaA 0.881 VaF1 0.881 VaFR 0.000000
[INFO] 확인용 feat_dim: 2048
[INFO] Avg erased per sample: 409.5 dims (20.0% of total)
[INFO] Ep038/120 | Lr 8.10e-05 | TrL 0.200 TrA 0.931 TrF1 0.931 TrFR 0.999966 || VaL 0.414 VaA 0.879 VaF1 0.879 VaFR 0.000000
[INFO] 확인용 feat_dim: 2048
[INFO] Avg erased per sample: 409.6 dims (20.0% of total)
[INFO] Ep039/120 | Lr 7.99e-05 | TrL 0.192 TrA 0.934 TrF1 0.934 TrFR 0.999967 || VaL 0.417 VaA 0.879 VaF1 0.878 VaFR 0.000000
[INFO] 확인용 feat_dim: 2048
[INFO] Avg erased per sample: 409.6 dims (20.0% of total)
[INFO] Ep040/120 | Lr 7.88e-05 | TrL 0.189 TrA 0.935 TrF1 0.935 TrFR 0.999966 || VaL 0.419 VaA 0.880 VaF1 0.880 VaFR 0.000000
[INFO] 확인용 feat_dim: 2048
[INFO] Avg erased per sample: 409.5 dims (20.0% of total)
[INFO] Ep041/120 | Lr 7.77e-05 | TrL 0.186 TrA 0.934 TrF1 0.934 TrFR 0.999967 || VaL 0.428 VaA 0.878 VaF1 0.879 VaFR 0.000000
[INFO] 확인용 feat_dim: 2048
[INFO] Avg erased per sample: 409.6 dims (20.0% of total)
[INFO] Ep042/120 | Lr 7.66e-05 | TrL 0.176 TrA 0.940 TrF1 0.940 TrFR 0.999967 || VaL 0.421 VaA 0.879 VaF1 0.880 VaFR 0.000000
[INFO] 확인용 feat_dim: 2048
[INFO] Avg erased per sample: 409.5 dims (20.0% of total)
[INFO] Ep043/120 | Lr 7.54e-05 | TrL 0.173 TrA 0.940 TrF1 0.940 TrFR 0.999967 || VaL 0.426 VaA 0.880 VaF1 0.880 VaFR 0.000000
[INFO] 확인용 feat_dim: 2048
[INFO] Avg erased per sample: 409.6 dims (20.0% of total)
[INFO] Ep044/120 | Lr 7.42e-05 | TrL 0.167 TrA 0.942 TrF1 0.942 TrFR 0.999967 || VaL 0.435 VaA 0.877 VaF1 0.877 VaFR 0.000000
[INFO] 확인용 feat_dim: 2048
[INFO] Avg erased per sample: 409.6 dims (20.0% of total)
[INFO] Ep045/120 | Lr 7.30e-05 | TrL 0.164 TrA 0.943 TrF1 0.943 TrFR 0.999967 || VaL 0.425 VaA 0.881 VaF1 0.881 VaFR 0.000000
[INFO] 확인용 feat_dim: 2048
[INFO] Avg erased per sample: 409.6 dims (20.0% of total)
[INFO] Ep046/120 | Lr 7.18e-05 | TrL 0.159 TrA 0.945 TrF1 0.945 TrFR 0.999967 || VaL 0.435 VaA 0.883 VaF1 0.883 VaFR 0.000000
[INFO] 확인용 feat_dim: 2048
[INFO] Avg erased per sample: 409.6 dims (20.0% of total)
[INFO] Ep047/120 | Lr 7.05e-05 | TrL 0.157 TrA 0.947 TrF1 0.947 TrFR 0.999967 || VaL 0.440 VaA 0.879 VaF1 0.879 VaFR 0.000000
[INFO] 확인용 feat_dim: 2048
[INFO] Avg erased per sample: 409.6 dims (20.0% of total)
[INFO] Ep048/120 | Lr 6.93e-05 | TrL 0.150 TrA 0.949 TrF1 0.949 TrFR 0.999967 || VaL 0.448 VaA 0.883 VaF1 0.883 VaFR 0.000000
[INFO] 확인용 feat_dim: 2048
[INFO] Avg erased per sample: 409.5 dims (20.0% of total)
[INFO] Ep049/120 | Lr 6.80e-05 | TrL 0.147 TrA 0.949 TrF1 0.949 TrFR 0.999967 || VaL 0.445 VaA 0.879 VaF1 0.879 VaFR 0.000000
[INFO] 확인용 feat_dim: 2048
[INFO] Avg erased per sample: 409.6 dims (20.0% of total)
[INFO] Ep050/120 | Lr 6.67e-05 | TrL 0.144 TrA 0.951 TrF1 0.951 TrFR 0.999967 || VaL 0.437 VaA 0.881 VaF1 0.881 VaFR 0.000000
[INFO] 확인용 feat_dim: 2048
[INFO] Avg erased per sample: 409.6 dims (20.0% of total)
[INFO] Ep051/120 | Lr 6.55e-05 | TrL 0.147 TrA 0.950 TrF1 0.950 TrFR 0.999967 || VaL 0.446 VaA 0.880 VaF1 0.881 VaFR 0.000000
[INFO] 확인용 feat_dim: 2048
[INFO] Avg erased per sample: 409.6 dims (20.0% of total)
[INFO] Ep052/120 | Lr 6.41e-05 | TrL 0.139 TrA 0.953 TrF1 0.953 TrFR 0.999967 || VaL 0.449 VaA 0.883 VaF1 0.883 VaFR 0.000000
[INFO] 확인용 feat_dim: 2048
[INFO] Avg erased per sample: 409.6 dims (20.0% of total)
[INFO] Ep053/120 | Lr 6.28e-05 | TrL 0.142 TrA 0.952 TrF1 0.952 TrFR 0.999967 || VaL 0.447 VaA 0.879 VaF1 0.879 VaFR 0.000000
[INFO] 확인용 feat_dim: 2048
[INFO] Avg erased per sample: 409.6 dims (20.0% of total)
[INFO] Ep054/120 | Lr 6.15e-05 | TrL 0.137 TrA 0.953 TrF1 0.953 TrFR 0.999967 || VaL 0.445 VaA 0.882 VaF1 0.883 VaFR 0.000000
[INFO] 확인용 feat_dim: 2048
[INFO] Avg erased per sample: 409.7 dims (20.0% of total)
[INFO] Ep055/120 | Lr 6.02e-05 | TrL 0.129 TrA 0.956 TrF1 0.956 TrFR 0.999967 || VaL 0.463 VaA 0.880 VaF1 0.880 VaFR 0.000000
[INFO] 확인용 feat_dim: 2048
[INFO] Avg erased per sample: 409.7 dims (20.0% of total)
[INFO] Ep056/120 | Lr 5.88e-05 | TrL 0.129 TrA 0.956 TrF1 0.956 TrFR 0.999967 || VaL 0.460 VaA 0.880 VaF1 0.880 VaFR 0.000000
[INFO] 확인용 feat_dim: 2048
[INFO] Avg erased per sample: 409.6 dims (20.0% of total)
[INFO] Ep057/120 | Lr 5.75e-05 | TrL 0.127 TrA 0.958 TrF1 0.958 TrFR 0.999967 || VaL 0.455 VaA 0.883 VaF1 0.882 VaFR 0.000000
[INFO] 확인용 feat_dim: 2048
[INFO] Avg erased per sample: 409.6 dims (20.0% of total)
[INFO] Ep058/120 | Lr 5.61e-05 | TrL 0.121 TrA 0.959 TrF1 0.959 TrFR 0.999967 || VaL 0.449 VaA 0.883 VaF1 0.883 VaFR 0.000000
[INFO] 확인용 feat_dim: 2048
[INFO] Avg erased per sample: 409.6 dims (20.0% of total)
[INFO] Ep059/120 | Lr 5.48e-05 | TrL 0.120 TrA 0.960 TrF1 0.960 TrFR 0.999967 || VaL 0.472 VaA 0.880 VaF1 0.880 VaFR 0.000000
[INFO] 확인용 feat_dim: 2048
[INFO] Avg erased per sample: 409.5 dims (20.0% of total)
[INFO] Ep060/120 | Lr 5.34e-05 | TrL 0.119 TrA 0.959 TrF1 0.959 TrFR 0.999967 || VaL 0.482 VaA 0.878 VaF1 0.878 VaFR 0.000000
[INFO] 확인용 feat_dim: 2048
[INFO] Avg erased per sample: 409.5 dims (20.0% of total)
[INFO] Ep061/120 | Lr 5.20e-05 | TrL 0.116 TrA 0.960 TrF1 0.960 TrFR 0.999967 || VaL 0.451 VaA 0.885 VaF1 0.884 VaFR 0.000000
[INFO] 확인용 feat_dim: 2048
[INFO] Avg erased per sample: 409.4 dims (20.0% of total)
[INFO] Ep062/120 | Lr 5.07e-05 | TrL 0.113 TrA 0.962 TrF1 0.962 TrFR 0.999967 || VaL 0.468 VaA 0.882 VaF1 0.882 VaFR 0.000000
[INFO] 확인용 feat_dim: 2048
[INFO] Avg erased per sample: 409.6 dims (20.0% of total)
[INFO] Ep063/120 | Lr 4.93e-05 | TrL 0.110 TrA 0.963 TrF1 0.963 TrFR 0.999967 || VaL 0.466 VaA 0.881 VaF1 0.881 VaFR 0.000000
[INFO] 확인용 feat_dim: 2048
[INFO] Avg erased per sample: 409.7 dims (20.0% of total)
[INFO] Ep064/120 | Lr 4.80e-05 | TrL 0.108 TrA 0.963 TrF1 0.963 TrFR 0.999967 || VaL 0.460 VaA 0.882 VaF1 0.882 VaFR 0.000000
[INFO] 확인용 feat_dim: 2048
[INFO] Avg erased per sample: 409.7 dims (20.0% of total)
[INFO] Ep065/120 | Lr 4.66e-05 | TrL 0.106 TrA 0.964 TrF1 0.964 TrFR 0.999967 || VaL 0.469 VaA 0.881 VaF1 0.881 VaFR 0.000000
[INFO] 확인용 feat_dim: 2048
[INFO] Avg erased per sample: 409.5 dims (20.0% of total)
[INFO] Ep066/120 | Lr 4.52e-05 | TrL 0.104 TrA 0.966 TrF1 0.966 TrFR 0.999967 || VaL 0.466 VaA 0.882 VaF1 0.882 VaFR 0.000000
[INFO] 확인용 feat_dim: 2048
[INFO] Avg erased per sample: 409.4 dims (20.0% of total)
[INFO] Ep067/120 | Lr 4.39e-05 | TrL 0.105 TrA 0.965 TrF1 0.965 TrFR 0.999967 || VaL 0.488 VaA 0.881 VaF1 0.881 VaFR 0.000000
[INFO] 확인용 feat_dim: 2048
[INFO] Avg erased per sample: 409.6 dims (20.0% of total)
[INFO] Ep068/120 | Lr 4.25e-05 | TrL 0.101 TrA 0.966 TrF1 0.966 TrFR 0.999967 || VaL 0.463 VaA 0.884 VaF1 0.884 VaFR 0.000000
[INFO] 확인용 feat_dim: 2048
[INFO] Avg erased per sample: 409.6 dims (20.0% of total)
[INFO] Ep069/120 | Lr 4.12e-05 | TrL 0.097 TrA 0.966 TrF1 0.966 TrFR 0.999968 || VaL 0.505 VaA 0.881 VaF1 0.881 VaFR 0.000000
[INFO] 확인용 feat_dim: 2048
[INFO] Avg erased per sample: 409.6 dims (20.0% of total)
[INFO] Ep070/120 | Lr 3.98e-05 | TrL 0.096 TrA 0.967 TrF1 0.967 TrFR 0.999968 || VaL 0.471 VaA 0.883 VaF1 0.883 VaFR 0.000000
[INFO] 확인용 feat_dim: 2048
[INFO] Avg erased per sample: 409.5 dims (20.0% of total)
[INFO] Ep071/120 | Lr 3.85e-05 | TrL 0.098 TrA 0.966 TrF1 0.966 TrFR 0.999967 || VaL 0.475 VaA 0.884 VaF1 0.883 VaFR 0.000000
[INFO] 확인용 feat_dim: 2048
[INFO] Avg erased per sample: 409.7 dims (20.0% of total)
[INFO] Ep072/120 | Lr 3.72e-05 | TrL 0.094 TrA 0.969 TrF1 0.969 TrFR 0.999967 || VaL 0.485 VaA 0.884 VaF1 0.884 VaFR 0.000000
[INFO] 확인용 feat_dim: 2048
[INFO] Avg erased per sample: 409.7 dims (20.0% of total)
[INFO] Ep073/120 | Lr 3.59e-05 | TrL 0.088 TrA 0.970 TrF1 0.970 TrFR 0.999967 || VaL 0.492 VaA 0.882 VaF1 0.882 VaFR 0.000000
[INFO] 확인용 feat_dim: 2048
[INFO] Avg erased per sample: 409.6 dims (20.0% of total)
[INFO] Ep074/120 | Lr 3.45e-05 | TrL 0.086 TrA 0.971 TrF1 0.971 TrFR 0.999968 || VaL 0.507 VaA 0.881 VaF1 0.881 VaFR 0.000000
[INFO] 확인용 feat_dim: 2048
[INFO] Avg erased per sample: 409.5 dims (20.0% of total)
[INFO] Ep075/120 | Lr 3.33e-05 | TrL 0.087 TrA 0.970 TrF1 0.970 TrFR 0.999968 || VaL 0.496 VaA 0.883 VaF1 0.882 VaFR 0.000000
[INFO] 확인용 feat_dim: 2048
[INFO] Avg erased per sample: 409.6 dims (20.0% of total)
[INFO] Ep076/120 | Lr 3.20e-05 | TrL 0.088 TrA 0.970 TrF1 0.970 TrFR 0.999968 || VaL 0.481 VaA 0.886 VaF1 0.886 VaFR 0.000000
[INFO] 확인용 feat_dim: 2048
[INFO] Avg erased per sample: 409.8 dims (20.0% of total)
[INFO] Ep077/120 | Lr 3.07e-05 | TrL 0.085 TrA 0.971 TrF1 0.971 TrFR 0.999968 || VaL 0.495 VaA 0.884 VaF1 0.884 VaFR 0.000000
[INFO] 확인용 feat_dim: 2048
[INFO] Avg erased per sample: 409.5 dims (20.0% of total)
[INFO] Ep078/120 | Lr 2.95e-05 | TrL 0.086 TrA 0.971 TrF1 0.971 TrFR 0.999968 || VaL 0.492 VaA 0.882 VaF1 0.882 VaFR 0.000000
[INFO] 확인용 feat_dim: 2048
[INFO] Avg erased per sample: 409.5 dims (20.0% of total)
[INFO] Ep079/120 | Lr 2.82e-05 | TrL 0.079 TrA 0.973 TrF1 0.973 TrFR 0.999968 || VaL 0.499 VaA 0.884 VaF1 0.883 VaFR 0.000000
[INFO] 확인용 feat_dim: 2048
[INFO] Avg erased per sample: 409.7 dims (20.0% of total)
[INFO] Ep080/120 | Lr 2.70e-05 | TrL 0.083 TrA 0.972 TrF1 0.972 TrFR 0.999968 || VaL 0.500 VaA 0.885 VaF1 0.884 VaFR 0.000000
[INFO] 확인용 feat_dim: 2048
[INFO] Avg erased per sample: 409.5 dims (20.0% of total)
[INFO] Ep081/120 | Lr 2.58e-05 | TrL 0.080 TrA 0.974 TrF1 0.974 TrFR 0.999968 || VaL 0.492 VaA 0.885 VaF1 0.885 VaFR 0.000000
[INFO] 확인용 feat_dim: 2048
[INFO] Avg erased per sample: 409.7 dims (20.0% of total)
[INFO] Ep082/120 | Lr 2.46e-05 | TrL 0.078 TrA 0.973 TrF1 0.973 TrFR 0.999968 || VaL 0.503 VaA 0.884 VaF1 0.884 VaFR 0.000000
[INFO] 확인용 feat_dim: 2048
[INFO] Avg erased per sample: 409.6 dims (20.0% of total)
[INFO] Ep083/120 | Lr 2.34e-05 | TrL 0.076 TrA 0.974 TrF1 0.974 TrFR 0.999968 || VaL 0.498 VaA 0.885 VaF1 0.885 VaFR 0.000000
[INFO] 확인용 feat_dim: 2048
[INFO] Avg erased per sample: 409.6 dims (20.0% of total)
[INFO] Ep084/120 | Lr 2.23e-05 | TrL 0.075 TrA 0.975 TrF1 0.975 TrFR 0.999968 || VaL 0.483 VaA 0.886 VaF1 0.886 VaFR 0.000000
[INFO] 확인용 feat_dim: 2048
[INFO] Avg erased per sample: 409.5 dims (20.0% of total)
[INFO] Ep085/120 | Lr 2.12e-05 | TrL 0.074 TrA 0.975 TrF1 0.975 TrFR 0.999968 || VaL 0.487 VaA 0.885 VaF1 0.885 VaFR 0.000000
[INFO] 확인용 feat_dim: 2048
[INFO] Avg erased per sample: 409.7 dims (20.0% of total)
[INFO] Ep086/120 | Lr 2.01e-05 | TrL 0.074 TrA 0.976 TrF1 0.976 TrFR 0.999968 || VaL 0.500 VaA 0.883 VaF1 0.883 VaFR 0.000000
[INFO] 확인용 feat_dim: 2048
[INFO] Avg erased per sample: 409.6 dims (20.0% of total)
[INFO] Ep087/120 | Lr 1.90e-05 | TrL 0.070 TrA 0.977 TrF1 0.977 TrFR 0.999968 || VaL 0.496 VaA 0.884 VaF1 0.884 VaFR 0.000000
[INFO] 확인용 feat_dim: 2048
[INFO] Avg erased per sample: 409.8 dims (20.0% of total)
[INFO] Ep088/120 | Lr 1.79e-05 | TrL 0.068 TrA 0.977 TrF1 0.977 TrFR 0.999968 || VaL 0.511 VaA 0.884 VaF1 0.884 VaFR 0.000000
[INFO] 확인용 feat_dim: 2048
[INFO] Avg erased per sample: 409.6 dims (20.0% of total)
[INFO] Ep089/120 | Lr 1.69e-05 | TrL 0.067 TrA 0.977 TrF1 0.977 TrFR 0.999968 || VaL 0.501 VaA 0.885 VaF1 0.884 VaFR 0.000000
[INFO] 확인용 feat_dim: 2048
[INFO] Avg erased per sample: 409.5 dims (20.0% of total)
[INFO] Ep090/120 | Lr 1.59e-05 | TrL 0.067 TrA 0.978 TrF1 0.978 TrFR 0.999968 || VaL 0.502 VaA 0.884 VaF1 0.885 VaFR 0.000000
[INFO] 확인용 feat_dim: 2048
[INFO] Avg erased per sample: 409.6 dims (20.0% of total)
[INFO] Ep091/120 | Lr 1.49e-05 | TrL 0.071 TrA 0.976 TrF1 0.976 TrFR 0.999968 || VaL 0.500 VaA 0.884 VaF1 0.884 VaFR 0.000000
[INFO] 확인용 feat_dim: 2048
[INFO] Avg erased per sample: 409.5 dims (20.0% of total)
[INFO] Ep092/120 | Lr 1.39e-05 | TrL 0.067 TrA 0.978 TrF1 0.978 TrFR 0.999968 || VaL 0.496 VaA 0.885 VaF1 0.885 VaFR 0.000000
[INFO] 확인용 feat_dim: 2048
[INFO] Avg erased per sample: 409.5 dims (20.0% of total)
[INFO] Ep093/120 | Lr 1.30e-05 | TrL 0.064 TrA 0.979 TrF1 0.979 TrFR 0.999968 || VaL 0.497 VaA 0.885 VaF1 0.885 VaFR 0.000000
[INFO] 확인용 feat_dim: 2048
[INFO] Avg erased per sample: 409.6 dims (20.0% of total)
[INFO] Ep094/120 | Lr 1.21e-05 | TrL 0.062 TrA 0.979 TrF1 0.979 TrFR 0.999968 || VaL 0.505 VaA 0.885 VaF1 0.886 VaFR 0.000000
[INFO] 확인용 feat_dim: 2048
[INFO] Avg erased per sample: 409.4 dims (20.0% of total)
[INFO] Ep095/120 | Lr 1.12e-05 | TrL 0.066 TrA 0.978 TrF1 0.978 TrFR 0.999968 || VaL 0.508 VaA 0.886 VaF1 0.886 VaFR 0.000000
[INFO] 확인용 feat_dim: 2048
[INFO] Avg erased per sample: 409.6 dims (20.0% of total)
[INFO] Ep096/120 | Lr 1.04e-05 | TrL 0.065 TrA 0.978 TrF1 0.978 TrFR 0.999968 || VaL 0.496 VaA 0.888 VaF1 0.888 VaFR 0.000000
[INFO] 확인용 feat_dim: 2048
[INFO] Avg erased per sample: 409.5 dims (20.0% of total)
[INFO] Ep097/120 | Lr 9.55e-06 | TrL 0.063 TrA 0.978 TrF1 0.978 TrFR 0.999968 || VaL 0.501 VaA 0.886 VaF1 0.886 VaFR 0.000000
[INFO] 확인용 feat_dim: 2048
[INFO] Avg erased per sample: 409.6 dims (20.0% of total)
[INFO] Ep098/120 | Lr 8.76e-06 | TrL 0.061 TrA 0.979 TrF1 0.979 TrFR 0.999968 || VaL 0.499 VaA 0.888 VaF1 0.888 VaFR 0.000000
[INFO] 확인용 feat_dim: 2048
[INFO] Avg erased per sample: 409.6 dims (20.0% of total)
[INFO] Ep099/120 | Lr 8.00e-06 | TrL 0.063 TrA 0.979 TrF1 0.979 TrFR 0.999968 || VaL 0.500 VaA 0.886 VaF1 0.886 VaFR 0.000000
[INFO] 확인용 feat_dim: 2048
[INFO] Avg erased per sample: 409.5 dims (20.0% of total)
[INFO] Ep100/120 | Lr 7.28e-06 | TrL 0.062 TrA 0.979 TrF1 0.979 TrFR 0.999968 || VaL 0.508 VaA 0.886 VaF1 0.886 VaFR 0.000000
[INFO] 확인용 feat_dim: 2048
[INFO] Avg erased per sample: 409.6 dims (20.0% of total)
[INFO] Ep101/120 | Lr 6.59e-06 | TrL 0.060 TrA 0.980 TrF1 0.980 TrFR 0.999968 || VaL 0.506 VaA 0.885 VaF1 0.885 VaFR 0.000000
[INFO] 확인용 feat_dim: 2048
[INFO] Avg erased per sample: 409.5 dims (20.0% of total)
[INFO] Ep102/120 | Lr 5.92e-06 | TrL 0.059 TrA 0.980 TrF1 0.980 TrFR 0.999969 || VaL 0.503 VaA 0.887 VaF1 0.887 VaFR 0.000000
[INFO] 확인용 feat_dim: 2048
[INFO] Avg erased per sample: 409.5 dims (20.0% of total)
[INFO] Ep103/120 | Lr 5.30e-06 | TrL 0.060 TrA 0.980 TrF1 0.980 TrFR 0.999969 || VaL 0.496 VaA 0.885 VaF1 0.885 VaFR 0.000000
[INFO] 확인용 feat_dim: 2048
[INFO] Avg erased per sample: 409.6 dims (20.0% of total)
[INFO] Ep104/120 | Lr 4.70e-06 | TrL 0.060 TrA 0.979 TrF1 0.979 TrFR 0.999969 || VaL 0.501 VaA 0.886 VaF1 0.886 VaFR 0.000000
[INFO] 확인용 feat_dim: 2048
[INFO] Avg erased per sample: 409.6 dims (20.0% of total)
[INFO] Ep105/120 | Lr 4.14e-06 | TrL 0.059 TrA 0.981 TrF1 0.981 TrFR 0.999968 || VaL 0.509 VaA 0.885 VaF1 0.885 VaFR 0.000000
[INFO] 확인용 feat_dim: 2048
[INFO] Avg erased per sample: 409.6 dims (20.0% of total)
[INFO] Ep106/120 | Lr 3.61e-06 | TrL 0.059 TrA 0.980 TrF1 0.980 TrFR 0.999969 || VaL 0.505 VaA 0.886 VaF1 0.886 VaFR 0.000000
[INFO] 확인용 feat_dim: 2048
[INFO] Avg erased per sample: 409.6 dims (20.0% of total)
[INFO] Ep107/120 | Lr 3.12e-06 | TrL 0.058 TrA 0.981 TrF1 0.981 TrFR 0.999969 || VaL 0.506 VaA 0.886 VaF1 0.886 VaFR 0.000000
[INFO] 확인용 feat_dim: 2048
[INFO] Avg erased per sample: 409.6 dims (20.0% of total)
[INFO] Ep108/120 | Lr 2.66e-06 | TrL 0.056 TrA 0.982 TrF1 0.982 TrFR 0.999969 || VaL 0.500 VaA 0.886 VaF1 0.886 VaFR 0.000000
[INFO] 확인용 feat_dim: 2048
[INFO] Avg erased per sample: 409.6 dims (20.0% of total)
[INFO] Ep109/120 | Lr 2.24e-06 | TrL 0.058 TrA 0.981 TrF1 0.981 TrFR 0.999969 || VaL 0.516 VaA 0.886 VaF1 0.886 VaFR 0.000000
[INFO] 확인용 feat_dim: 2048
[INFO] Avg erased per sample: 409.6 dims (20.0% of total)
[INFO] Ep110/120 | Lr 1.85e-06 | TrL 0.057 TrA 0.981 TrF1 0.981 TrFR 0.999969 || VaL 0.516 VaA 0.884 VaF1 0.885 VaFR 0.000000
[INFO] 확인용 feat_dim: 2048
[INFO] Avg erased per sample: 409.6 dims (20.0% of total)
[INFO] Ep111/120 | Lr 1.50e-06 | TrL 0.058 TrA 0.981 TrF1 0.981 TrFR 0.999969 || VaL 0.512 VaA 0.886 VaF1 0.886 VaFR 0.000000
[INFO] 확인용 feat_dim: 2048
[INFO] Avg erased per sample: 409.8 dims (20.0% of total)
[INFO] Ep112/120 | Lr 1.19e-06 | TrL 0.059 TrA 0.980 TrF1 0.980 TrFR 0.999969 || VaL 0.506 VaA 0.887 VaF1 0.887 VaFR 0.000000
[INFO] 확인용 feat_dim: 2048
[INFO] Avg erased per sample: 409.7 dims (20.0% of total)
[INFO] Ep113/120 | Lr 9.11e-07 | TrL 0.058 TrA 0.981 TrF1 0.981 TrFR 0.999969 || VaL 0.504 VaA 0.885 VaF1 0.885 VaFR 0.000000
[INFO] 확인용 feat_dim: 2048
[INFO] Avg erased per sample: 409.6 dims (20.0% of total)
[INFO] Ep114/120 | Lr 6.70e-07 | TrL 0.056 TrA 0.981 TrF1 0.981 TrFR 0.999969 || VaL 0.501 VaA 0.888 VaF1 0.888 VaFR 0.000000
[INFO] 확인용 feat_dim: 2048
[INFO] Avg erased per sample: 409.7 dims (20.0% of total)
[INFO] Ep115/120 | Lr 4.66e-07 | TrL 0.058 TrA 0.981 TrF1 0.981 TrFR 0.999969 || VaL 0.502 VaA 0.886 VaF1 0.886 VaFR 0.000000
[INFO] 확인용 feat_dim: 2048
[INFO] Avg erased per sample: 409.6 dims (20.0% of total)
[INFO] Ep116/120 | Lr 2.98e-07 | TrL 0.056 TrA 0.981 TrF1 0.981 TrFR 0.999969 || VaL 0.509 VaA 0.885 VaF1 0.885 VaFR 0.000000
[INFO] 확인용 feat_dim: 2048
[INFO] Avg erased per sample: 409.6 dims (20.0% of total)
[INFO] Ep117/120 | Lr 1.68e-07 | TrL 0.060 TrA 0.980 TrF1 0.980 TrFR 0.999969 || VaL 0.503 VaA 0.887 VaF1 0.886 VaFR 0.000000
[INFO] 확인용 feat_dim: 2048
[INFO] Avg erased per sample: 409.6 dims (20.0% of total)
[INFO] Ep118/120 | Lr 7.46e-08 | TrL 0.057 TrA 0.980 TrF1 0.980 TrFR 0.999969 || VaL 0.505 VaA 0.886 VaF1 0.886 VaFR 0.000000
[INFO] 확인용 feat_dim: 2048
[INFO] Avg erased per sample: 409.5 dims (20.0% of total)
[INFO] Ep119/120 | Lr 1.87e-08 | TrL 0.059 TrA 0.980 TrF1 0.980 TrFR 0.999969 || VaL 0.503 VaA 0.886 VaF1 0.886 VaFR 0.000000
[INFO] 확인용 feat_dim: 2048
[INFO] Avg erased per sample: 409.6 dims (20.0% of total)
[INFO] Ep120/120 | Lr 0.00e+00 | TrL 0.058 TrA 0.980 TrF1 0.980 TrFR 0.999969 || VaL 0.499 VaA 0.886 VaF1 0.886 VaFR 0.000000
[INFO] 학습 곡선 저장 완료 → results\curves\resnet50_datasetcifar10_dp0.2_noise0.05_seed42_epochs120_w5_curve.csv
[INFO] 모델 체크포인트 저장 완료 → results\checkpoints\resnet50_cifar10_dp0.2_noise0.05_seed42.pth
[INFO] [Eval] Erasure 0.00 | Acc 0.886 F1 0.886 FR 0.000000 Loss 0.499
[INFO] [Eval] Erasure 0.20 | Acc 0.886 F1 0.886 FR 0.999971 Loss 0.599
[INFO] [Eval] Erasure 0.40 | Acc 0.886 F1 0.886 FR 0.999971 Loss 0.699
[INFO] =============== 종료: 백본=resnet50, 데이터셋=cifar10, DP=0.2, Noise=0.05, Seed=42, Warmup=5 ===============

[INFO] 모든 실험 요약 결과 저장 완료 → results\redundancy_tune_r50_k025.csv
